[0.064s] DEBUG:colcon:Command line arguments: ['/usr/bin/colcon', 'build']
[0.064s] DEBUG:colcon:Parsed command line arguments: Namespace(log_base=None, log_level=None, verb_name='build', build_base='build', install_base='install', merge_install=False, symlink_install=False, test_result_base=None, continue_on_error=False, executor='parallel', parallel_workers=20, event_handlers=None, ignore_user_meta=False, metas=['./colcon.meta'], base_paths=['.'], packages_ignore=None, packages_ignore_regex=None, paths=None, packages_up_to=None, packages_up_to_regex=None, packages_above=None, packages_above_and_dependencies=None, packages_above_depth=None, packages_select_by_dep=None, packages_skip_by_dep=None, packages_skip_up_to=None, packages_select_build_failed=False, packages_skip_build_finished=False, packages_select_test_failures=False, packages_skip_test_passed=False, packages_select=None, packages_skip=None, packages_select_regex=None, packages_skip_regex=None, packages_start=None, packages_end=None, allow_overriding=[], cmake_args=None, cmake_target=None, cmake_target_skip_unavailable=False, cmake_clean_cache=False, cmake_clean_first=False, cmake_force_configure=False, ament_cmake_args=None, catkin_cmake_args=None, catkin_skip_building_tests=False, verb_parser=<colcon_defaults.argument_parser.defaults.DefaultArgumentsDecorator object at 0x727088446830>, verb_extension=<colcon_core.verb.build.BuildVerb object at 0x727088553d30>, main=<bound method BuildVerb.main of <colcon_core.verb.build.BuildVerb object at 0x727088553d30>>)
[0.179s] Level 1:colcon.colcon_core.package_discovery:discover_packages(colcon_meta) check parameters
[0.179s] Level 1:colcon.colcon_core.package_discovery:discover_packages(recursive) check parameters
[0.179s] Level 1:colcon.colcon_core.package_discovery:discover_packages(ignore) check parameters
[0.179s] Level 1:colcon.colcon_core.package_discovery:discover_packages(path) check parameters
[0.179s] Level 1:colcon.colcon_core.package_discovery:discover_packages(colcon_meta) discover
[0.179s] Level 1:colcon.colcon_core.package_discovery:discover_packages(recursive) discover
[0.179s] INFO:colcon.colcon_core.package_discovery:Crawling recursively for packages in '/home/ikun/ros2_ws'
[0.179s] Level 1:colcon.colcon_core.package_identification:_identify(.) by extensions ['ignore', 'ignore_ament_install']
[0.179s] Level 1:colcon.colcon_core.package_identification:_identify(.) by extension 'ignore'
[0.179s] Level 1:colcon.colcon_core.package_identification:_identify(.) by extension 'ignore_ament_install'
[0.179s] Level 1:colcon.colcon_core.package_identification:_identify(.) by extensions ['colcon_pkg']
[0.179s] Level 1:colcon.colcon_core.package_identification:_identify(.) by extension 'colcon_pkg'
[0.179s] Level 1:colcon.colcon_core.package_identification:_identify(.) by extensions ['colcon_meta']
[0.179s] Level 1:colcon.colcon_core.package_identification:_identify(.) by extension 'colcon_meta'
[0.179s] Level 1:colcon.colcon_core.package_identification:_identify(.) by extensions ['ros']
[0.179s] Level 1:colcon.colcon_core.package_identification:_identify(.) by extension 'ros'
[0.191s] Level 1:colcon.colcon_core.package_identification:_identify(.) by extensions ['cmake', 'python']
[0.191s] Level 1:colcon.colcon_core.package_identification:_identify(.) by extension 'cmake'
[0.191s] Level 1:colcon.colcon_core.package_identification:_identify(.) by extension 'python'
[0.191s] Level 1:colcon.colcon_core.package_identification:_identify(.) by extensions ['python_setup_py']
[0.191s] Level 1:colcon.colcon_core.package_identification:_identify(.) by extension 'python_setup_py'
[0.191s] Level 1:colcon.colcon_core.package_identification:_identify(build) by extensions ['ignore', 'ignore_ament_install']
[0.191s] Level 1:colcon.colcon_core.package_identification:_identify(build) by extension 'ignore'
[0.191s] Level 1:colcon.colcon_core.package_identification:_identify(build) ignored
[0.191s] Level 1:colcon.colcon_core.package_identification:_identify(install) by extensions ['ignore', 'ignore_ament_install']
[0.191s] Level 1:colcon.colcon_core.package_identification:_identify(install) by extension 'ignore'
[0.191s] Level 1:colcon.colcon_core.package_identification:_identify(install) ignored
[0.191s] Level 1:colcon.colcon_core.package_identification:_identify(log) by extensions ['ignore', 'ignore_ament_install']
[0.191s] Level 1:colcon.colcon_core.package_identification:_identify(log) by extension 'ignore'
[0.191s] Level 1:colcon.colcon_core.package_identification:_identify(log) ignored
[0.191s] Level 1:colcon.colcon_core.package_identification:_identify(src) by extensions ['ignore', 'ignore_ament_install']
[0.191s] Level 1:colcon.colcon_core.package_identification:_identify(src) by extension 'ignore'
[0.191s] Level 1:colcon.colcon_core.package_identification:_identify(src) by extension 'ignore_ament_install'
[0.191s] Level 1:colcon.colcon_core.package_identification:_identify(src) by extensions ['colcon_pkg']
[0.191s] Level 1:colcon.colcon_core.package_identification:_identify(src) by extension 'colcon_pkg'
[0.191s] Level 1:colcon.colcon_core.package_identification:_identify(src) by extensions ['colcon_meta']
[0.191s] Level 1:colcon.colcon_core.package_identification:_identify(src) by extension 'colcon_meta'
[0.192s] Level 1:colcon.colcon_core.package_identification:_identify(src) by extensions ['ros']
[0.192s] Level 1:colcon.colcon_core.package_identification:_identify(src) by extension 'ros'
[0.192s] Level 1:colcon.colcon_core.package_identification:_identify(src) by extensions ['cmake', 'python']
[0.192s] Level 1:colcon.colcon_core.package_identification:_identify(src) by extension 'cmake'
[0.192s] Level 1:colcon.colcon_core.package_identification:_identify(src) by extension 'python'
[0.192s] Level 1:colcon.colcon_core.package_identification:_identify(src) by extensions ['python_setup_py']
[0.192s] Level 1:colcon.colcon_core.package_identification:_identify(src) by extension 'python_setup_py'
[0.192s] Level 1:colcon.colcon_core.package_identification:_identify(src/build) by extensions ['ignore', 'ignore_ament_install']
[0.192s] Level 1:colcon.colcon_core.package_identification:_identify(src/build) by extension 'ignore'
[0.192s] Level 1:colcon.colcon_core.package_identification:_identify(src/build) ignored
[0.192s] Level 1:colcon.colcon_core.package_identification:_identify(src/install) by extensions ['ignore', 'ignore_ament_install']
[0.192s] Level 1:colcon.colcon_core.package_identification:_identify(src/install) by extension 'ignore'
[0.192s] Level 1:colcon.colcon_core.package_identification:_identify(src/install) ignored
[0.192s] Level 1:colcon.colcon_core.package_identification:_identify(src/log) by extensions ['ignore', 'ignore_ament_install']
[0.192s] Level 1:colcon.colcon_core.package_identification:_identify(src/log) by extension 'ignore'
[0.192s] Level 1:colcon.colcon_core.package_identification:_identify(src/log) ignored
[0.192s] Level 1:colcon.colcon_core.package_identification:_identify(src/pcdet_ros2) by extensions ['ignore', 'ignore_ament_install']
[0.192s] Level 1:colcon.colcon_core.package_identification:_identify(src/pcdet_ros2) by extension 'ignore'
[0.192s] Level 1:colcon.colcon_core.package_identification:_identify(src/pcdet_ros2) by extension 'ignore_ament_install'
[0.192s] Level 1:colcon.colcon_core.package_identification:_identify(src/pcdet_ros2) by extensions ['colcon_pkg']
[0.192s] Level 1:colcon.colcon_core.package_identification:_identify(src/pcdet_ros2) by extension 'colcon_pkg'
[0.192s] Level 1:colcon.colcon_core.package_identification:_identify(src/pcdet_ros2) by extensions ['colcon_meta']
[0.192s] Level 1:colcon.colcon_core.package_identification:_identify(src/pcdet_ros2) by extension 'colcon_meta'
[0.192s] Level 1:colcon.colcon_core.package_identification:_identify(src/pcdet_ros2) by extensions ['ros']
[0.192s] Level 1:colcon.colcon_core.package_identification:_identify(src/pcdet_ros2) by extension 'ros'
[0.194s] DEBUG:colcon.colcon_core.package_identification:Package 'src/pcdet_ros2' with type 'ros.ament_python' and name 'pcdet_ros2'
[0.194s] Level 1:colcon.colcon_core.package_identification:_identify(src/ros2_numpy) by extensions ['ignore', 'ignore_ament_install']
[0.194s] Level 1:colcon.colcon_core.package_identification:_identify(src/ros2_numpy) by extension 'ignore'
[0.194s] Level 1:colcon.colcon_core.package_identification:_identify(src/ros2_numpy) by extension 'ignore_ament_install'
[0.194s] Level 1:colcon.colcon_core.package_identification:_identify(src/ros2_numpy) by extensions ['colcon_pkg']
[0.194s] Level 1:colcon.colcon_core.package_identification:_identify(src/ros2_numpy) by extension 'colcon_pkg'
[0.194s] Level 1:colcon.colcon_core.package_identification:_identify(src/ros2_numpy) by extensions ['colcon_meta']
[0.194s] Level 1:colcon.colcon_core.package_identification:_identify(src/ros2_numpy) by extension 'colcon_meta'
[0.194s] Level 1:colcon.colcon_core.package_identification:_identify(src/ros2_numpy) by extensions ['ros']
[0.194s] Level 1:colcon.colcon_core.package_identification:_identify(src/ros2_numpy) by extension 'ros'
[0.195s] DEBUG:colcon.colcon_core.package_identification:Package 'src/ros2_numpy' with type 'ros.ament_cmake' and name 'ros2_numpy'
[0.195s] Level 1:colcon.colcon_core.package_identification:_identify(src/simple_pcd_publisher) by extensions ['ignore', 'ignore_ament_install']
[0.195s] Level 1:colcon.colcon_core.package_identification:_identify(src/simple_pcd_publisher) by extension 'ignore'
[0.195s] Level 1:colcon.colcon_core.package_identification:_identify(src/simple_pcd_publisher) by extension 'ignore_ament_install'
[0.195s] Level 1:colcon.colcon_core.package_identification:_identify(src/simple_pcd_publisher) by extensions ['colcon_pkg']
[0.195s] Level 1:colcon.colcon_core.package_identification:_identify(src/simple_pcd_publisher) by extension 'colcon_pkg'
[0.195s] Level 1:colcon.colcon_core.package_identification:_identify(src/simple_pcd_publisher) by extensions ['colcon_meta']
[0.195s] Level 1:colcon.colcon_core.package_identification:_identify(src/simple_pcd_publisher) by extension 'colcon_meta'
[0.195s] Level 1:colcon.colcon_core.package_identification:_identify(src/simple_pcd_publisher) by extensions ['ros']
[0.195s] Level 1:colcon.colcon_core.package_identification:_identify(src/simple_pcd_publisher) by extension 'ros'
[0.195s] DEBUG:colcon.colcon_core.package_identification:Package 'src/simple_pcd_publisher' with type 'ros.ament_python' and name 'simple_pcd_publisher'
[0.195s] Level 1:colcon.colcon_core.package_discovery:discover_packages(recursive) using defaults
[0.195s] Level 1:colcon.colcon_core.package_discovery:discover_packages(ignore) discover
[0.195s] Level 1:colcon.colcon_core.package_discovery:discover_packages(ignore) using defaults
[0.195s] Level 1:colcon.colcon_core.package_discovery:discover_packages(path) discover
[0.195s] Level 1:colcon.colcon_core.package_discovery:discover_packages(path) using defaults
[0.209s] Level 1:colcon.colcon_core.package_discovery:discover_packages(prefix_path) check parameters
[0.209s] Level 1:colcon.colcon_core.package_discovery:discover_packages(prefix_path) discover
[0.209s] WARNING:colcon.colcon_ros.prefix_path.ament:The path '/home/ikun/ros2_ws/install/simple_pcd_publisher' in the environment variable AMENT_PREFIX_PATH doesn't exist
[0.209s] WARNING:colcon.colcon_ros.prefix_path.ament:The path '/home/ikun/ros2_ws/install/pcdet_ros2' in the environment variable AMENT_PREFIX_PATH doesn't exist
[0.209s] WARNING:colcon.colcon_ros.prefix_path.ament:The path '/home/ikun/ros2_ws/install/ros2_numpy' in the environment variable AMENT_PREFIX_PATH doesn't exist
[0.209s] WARNING:colcon.colcon_ros.prefix_path.catkin:The path '/home/ikun/ros2_ws/install/ros2_numpy' in the environment variable CMAKE_PREFIX_PATH doesn't exist
[0.210s] DEBUG:colcon.colcon_installed_package_information.package_discovery:Found 0 installed packages in /home/ikun/ros2_ws/install
[0.210s] DEBUG:colcon.colcon_installed_package_information.package_discovery:Found 275 installed packages in /opt/ros/humble
[0.211s] Level 1:colcon.colcon_core.package_discovery:discover_packages(prefix_path) using defaults
[0.231s] Level 5:colcon.colcon_core.verb:set package 'ros2_numpy' build argument 'cmake_args' from command line to 'None'
[0.231s] Level 5:colcon.colcon_core.verb:set package 'ros2_numpy' build argument 'cmake_target' from command line to 'None'
[0.231s] Level 5:colcon.colcon_core.verb:set package 'ros2_numpy' build argument 'cmake_target_skip_unavailable' from command line to 'False'
[0.232s] Level 5:colcon.colcon_core.verb:set package 'ros2_numpy' build argument 'cmake_clean_cache' from command line to 'False'
[0.232s] Level 5:colcon.colcon_core.verb:set package 'ros2_numpy' build argument 'cmake_clean_first' from command line to 'False'
[0.232s] Level 5:colcon.colcon_core.verb:set package 'ros2_numpy' build argument 'cmake_force_configure' from command line to 'False'
[0.232s] Level 5:colcon.colcon_core.verb:set package 'ros2_numpy' build argument 'ament_cmake_args' from command line to 'None'
[0.232s] Level 5:colcon.colcon_core.verb:set package 'ros2_numpy' build argument 'catkin_cmake_args' from command line to 'None'
[0.232s] Level 5:colcon.colcon_core.verb:set package 'ros2_numpy' build argument 'catkin_skip_building_tests' from command line to 'False'
[0.232s] DEBUG:colcon.colcon_core.verb:Building package 'ros2_numpy' with the following arguments: {'ament_cmake_args': None, 'build_base': '/home/ikun/ros2_ws/build/ros2_numpy', 'catkin_cmake_args': None, 'catkin_skip_building_tests': False, 'cmake_args': None, 'cmake_clean_cache': False, 'cmake_clean_first': False, 'cmake_force_configure': False, 'cmake_target': None, 'cmake_target_skip_unavailable': False, 'install_base': '/home/ikun/ros2_ws/install/ros2_numpy', 'merge_install': False, 'path': '/home/ikun/ros2_ws/src/ros2_numpy', 'symlink_install': False, 'test_result_base': None}
[0.232s] Level 5:colcon.colcon_core.verb:set package 'simple_pcd_publisher' build argument 'cmake_args' from command line to 'None'
[0.232s] Level 5:colcon.colcon_core.verb:set package 'simple_pcd_publisher' build argument 'cmake_target' from command line to 'None'
[0.232s] Level 5:colcon.colcon_core.verb:set package 'simple_pcd_publisher' build argument 'cmake_target_skip_unavailable' from command line to 'False'
[0.232s] Level 5:colcon.colcon_core.verb:set package 'simple_pcd_publisher' build argument 'cmake_clean_cache' from command line to 'False'
[0.232s] Level 5:colcon.colcon_core.verb:set package 'simple_pcd_publisher' build argument 'cmake_clean_first' from command line to 'False'
[0.232s] Level 5:colcon.colcon_core.verb:set package 'simple_pcd_publisher' build argument 'cmake_force_configure' from command line to 'False'
[0.232s] Level 5:colcon.colcon_core.verb:set package 'simple_pcd_publisher' build argument 'ament_cmake_args' from command line to 'None'
[0.232s] Level 5:colcon.colcon_core.verb:set package 'simple_pcd_publisher' build argument 'catkin_cmake_args' from command line to 'None'
[0.232s] Level 5:colcon.colcon_core.verb:set package 'simple_pcd_publisher' build argument 'catkin_skip_building_tests' from command line to 'False'
[0.232s] DEBUG:colcon.colcon_core.verb:Building package 'simple_pcd_publisher' with the following arguments: {'ament_cmake_args': None, 'build_base': '/home/ikun/ros2_ws/build/simple_pcd_publisher', 'catkin_cmake_args': None, 'catkin_skip_building_tests': False, 'cmake_args': None, 'cmake_clean_cache': False, 'cmake_clean_first': False, 'cmake_force_configure': False, 'cmake_target': None, 'cmake_target_skip_unavailable': False, 'install_base': '/home/ikun/ros2_ws/install/simple_pcd_publisher', 'merge_install': False, 'path': '/home/ikun/ros2_ws/src/simple_pcd_publisher', 'symlink_install': False, 'test_result_base': None}
[0.232s] Level 5:colcon.colcon_core.verb:set package 'pcdet_ros2' build argument 'cmake_args' from command line to 'None'
[0.232s] Level 5:colcon.colcon_core.verb:set package 'pcdet_ros2' build argument 'cmake_target' from command line to 'None'
[0.232s] Level 5:colcon.colcon_core.verb:set package 'pcdet_ros2' build argument 'cmake_target_skip_unavailable' from command line to 'False'
[0.232s] Level 5:colcon.colcon_core.verb:set package 'pcdet_ros2' build argument 'cmake_clean_cache' from command line to 'False'
[0.232s] Level 5:colcon.colcon_core.verb:set package 'pcdet_ros2' build argument 'cmake_clean_first' from command line to 'False'
[0.232s] Level 5:colcon.colcon_core.verb:set package 'pcdet_ros2' build argument 'cmake_force_configure' from command line to 'False'
[0.232s] Level 5:colcon.colcon_core.verb:set package 'pcdet_ros2' build argument 'ament_cmake_args' from command line to 'None'
[0.232s] Level 5:colcon.colcon_core.verb:set package 'pcdet_ros2' build argument 'catkin_cmake_args' from command line to 'None'
[0.232s] Level 5:colcon.colcon_core.verb:set package 'pcdet_ros2' build argument 'catkin_skip_building_tests' from command line to 'False'
[0.232s] DEBUG:colcon.colcon_core.verb:Building package 'pcdet_ros2' with the following arguments: {'ament_cmake_args': None, 'build_base': '/home/ikun/ros2_ws/build/pcdet_ros2', 'catkin_cmake_args': None, 'catkin_skip_building_tests': False, 'cmake_args': None, 'cmake_clean_cache': False, 'cmake_clean_first': False, 'cmake_force_configure': False, 'cmake_target': None, 'cmake_target_skip_unavailable': False, 'install_base': '/home/ikun/ros2_ws/install/pcdet_ros2', 'merge_install': False, 'path': '/home/ikun/ros2_ws/src/pcdet_ros2', 'symlink_install': False, 'test_result_base': None}
[0.232s] INFO:colcon.colcon_core.executor:Executing jobs using 'parallel' executor
[0.233s] DEBUG:colcon.colcon_parallel_executor.executor.parallel:run_until_complete
[0.233s] INFO:colcon.colcon_ros.task.ament_cmake.build:Building ROS package in '/home/ikun/ros2_ws/src/ros2_numpy' with build type 'ament_cmake'
[0.233s] INFO:colcon.colcon_cmake.task.cmake.build:Building CMake package in '/home/ikun/ros2_ws/src/ros2_numpy'
[0.235s] INFO:colcon.colcon_core.plugin_system:Skipping extension 'colcon_core.shell.bat': Not used on non-Windows systems
[0.235s] INFO:colcon.colcon_core.shell:Skip shell extension 'powershell' for command environment: Not usable outside of PowerShell
[0.235s] DEBUG:colcon.colcon_core.shell:Skip shell extension 'dsv' for command environment
[0.237s] INFO:colcon.colcon_ros.task.ament_python.build:Building ROS package in '/home/ikun/ros2_ws/src/simple_pcd_publisher' with build type 'ament_python'
[0.237s] Level 1:colcon.colcon_core.shell:create_environment_hook('simple_pcd_publisher', 'ament_prefix_path')
[0.237s] INFO:colcon.colcon_core.shell:Creating environment hook '/home/ikun/ros2_ws/install/simple_pcd_publisher/share/simple_pcd_publisher/hook/ament_prefix_path.ps1'
[0.238s] INFO:colcon.colcon_core.shell:Creating environment descriptor '/home/ikun/ros2_ws/install/simple_pcd_publisher/share/simple_pcd_publisher/hook/ament_prefix_path.dsv'
[0.238s] INFO:colcon.colcon_core.shell:Creating environment hook '/home/ikun/ros2_ws/install/simple_pcd_publisher/share/simple_pcd_publisher/hook/ament_prefix_path.sh'
[0.238s] INFO:colcon.colcon_core.shell:Skip shell extension 'powershell' for command environment: Not usable outside of PowerShell
[0.238s] DEBUG:colcon.colcon_core.shell:Skip shell extension 'dsv' for command environment
[0.244s] DEBUG:colcon.colcon_core.event_handler.log_command:Invoking command in '/home/ikun/ros2_ws/build/ros2_numpy': CMAKE_PREFIX_PATH=${CMAKE_PREFIX_PATH}:/home/ikun/ros2_ws/install/simple_pcd_publisher:/home/ikun/ros2_ws/install/pcdet_ros2:/opt/ros/humble /home/ikun/.local/bin/cmake /home/ikun/ros2_ws/src/ros2_numpy -DCMAKE_INSTALL_PREFIX=/home/ikun/ros2_ws/install/ros2_numpy
[0.420s] INFO:colcon.colcon_core.task.python.build:Building Python package in '/home/ikun/ros2_ws/src/simple_pcd_publisher'
[0.420s] INFO:colcon.colcon_core.shell:Skip shell extension 'powershell' for command environment: Not usable outside of PowerShell
[0.420s] DEBUG:colcon.colcon_core.shell:Skip shell extension 'dsv' for command environment
[0.678s] DEBUG:colcon.colcon_core.event_handler.log_command:Invoking command in '/home/ikun/ros2_ws/src/simple_pcd_publisher': PYTHONPATH=/home/ikun/ros2_ws/build/simple_pcd_publisher/prefix_override:/usr/lib/python3/dist-packages/colcon_core/task/python/colcon_distutils_commands:/home/ikun/ros2_ws/install/simple_pcd_publisher/lib/python3.10/site-packages:${PYTHONPATH} /usr/bin/python3 -W ignore:setup.py install is deprecated -W ignore:easy_install command is deprecated setup.py egg_info --egg-base ../../build/simple_pcd_publisher build --build-base /home/ikun/ros2_ws/build/simple_pcd_publisher/build install --record /home/ikun/ros2_ws/build/simple_pcd_publisher/install.log --single-version-externally-managed install_data
[0.874s] DEBUG:colcon.colcon_core.event_handler.log_command:Invoked command in '/home/ikun/ros2_ws/src/simple_pcd_publisher' returned '0': PYTHONPATH=/home/ikun/ros2_ws/build/simple_pcd_publisher/prefix_override:/usr/lib/python3/dist-packages/colcon_core/task/python/colcon_distutils_commands:/home/ikun/ros2_ws/install/simple_pcd_publisher/lib/python3.10/site-packages:${PYTHONPATH} /usr/bin/python3 -W ignore:setup.py install is deprecated -W ignore:easy_install command is deprecated setup.py egg_info --egg-base ../../build/simple_pcd_publisher build --build-base /home/ikun/ros2_ws/build/simple_pcd_publisher/build install --record /home/ikun/ros2_ws/build/simple_pcd_publisher/install.log --single-version-externally-managed install_data
[0.876s] Level 1:colcon.colcon_core.environment:checking '/home/ikun/ros2_ws/install/simple_pcd_publisher' for CMake module files
[0.877s] Level 1:colcon.colcon_core.environment:checking '/home/ikun/ros2_ws/install/simple_pcd_publisher' for CMake config files
[0.877s] Level 1:colcon.colcon_core.environment:checking '/home/ikun/ros2_ws/install/simple_pcd_publisher/lib'
[0.877s] Level 1:colcon.colcon_core.environment:checking '/home/ikun/ros2_ws/install/simple_pcd_publisher/bin'
[0.877s] Level 1:colcon.colcon_core.environment:checking '/home/ikun/ros2_ws/install/simple_pcd_publisher/lib/pkgconfig/simple_pcd_publisher.pc'
[0.878s] Level 1:colcon.colcon_core.environment:checking '/home/ikun/ros2_ws/install/simple_pcd_publisher/lib/python3.10/site-packages'
[0.878s] Level 1:colcon.colcon_core.shell:create_environment_hook('simple_pcd_publisher', 'pythonpath')
[0.878s] INFO:colcon.colcon_core.shell:Creating environment hook '/home/ikun/ros2_ws/install/simple_pcd_publisher/share/simple_pcd_publisher/hook/pythonpath.ps1'
[0.878s] INFO:colcon.colcon_core.shell:Creating environment descriptor '/home/ikun/ros2_ws/install/simple_pcd_publisher/share/simple_pcd_publisher/hook/pythonpath.dsv'
[0.878s] INFO:colcon.colcon_core.shell:Creating environment hook '/home/ikun/ros2_ws/install/simple_pcd_publisher/share/simple_pcd_publisher/hook/pythonpath.sh'
[0.879s] Level 1:colcon.colcon_core.environment:checking '/home/ikun/ros2_ws/install/simple_pcd_publisher/bin'
[0.879s] Level 1:colcon.colcon_core.environment:create_environment_scripts_only(simple_pcd_publisher)
[0.879s] INFO:colcon.colcon_core.shell:Creating package script '/home/ikun/ros2_ws/install/simple_pcd_publisher/share/simple_pcd_publisher/package.ps1'
[0.879s] INFO:colcon.colcon_core.shell:Creating package descriptor '/home/ikun/ros2_ws/install/simple_pcd_publisher/share/simple_pcd_publisher/package.dsv'
[0.880s] INFO:colcon.colcon_core.shell:Creating package script '/home/ikun/ros2_ws/install/simple_pcd_publisher/share/simple_pcd_publisher/package.sh'
[0.880s] INFO:colcon.colcon_core.shell:Creating package script '/home/ikun/ros2_ws/install/simple_pcd_publisher/share/simple_pcd_publisher/package.bash'
[0.881s] INFO:colcon.colcon_core.shell:Creating package script '/home/ikun/ros2_ws/install/simple_pcd_publisher/share/simple_pcd_publisher/package.zsh'
[0.881s] Level 1:colcon.colcon_core.environment:create_file_with_runtime_dependencies(/home/ikun/ros2_ws/install/simple_pcd_publisher/share/colcon-core/packages/simple_pcd_publisher)
[4.327s] DEBUG:colcon.colcon_core.event_handler.log_command:Invoked command in '/home/ikun/ros2_ws/build/ros2_numpy' returned '0': CMAKE_PREFIX_PATH=${CMAKE_PREFIX_PATH}:/home/ikun/ros2_ws/install/simple_pcd_publisher:/home/ikun/ros2_ws/install/pcdet_ros2:/opt/ros/humble /home/ikun/.local/bin/cmake /home/ikun/ros2_ws/src/ros2_numpy -DCMAKE_INSTALL_PREFIX=/home/ikun/ros2_ws/install/ros2_numpy
[4.329s] DEBUG:colcon.colcon_core.event_handler.log_command:Invoking command in '/home/ikun/ros2_ws/build/ros2_numpy': CMAKE_PREFIX_PATH=${CMAKE_PREFIX_PATH}:/home/ikun/ros2_ws/install/simple_pcd_publisher:/home/ikun/ros2_ws/install/pcdet_ros2:/opt/ros/humble /home/ikun/.local/bin/cmake --build /home/ikun/ros2_ws/build/ros2_numpy -- -j20 -l20
[4.569s] DEBUG:colcon.colcon_core.event_handler.log_command:Invoked command in '/home/ikun/ros2_ws/build/ros2_numpy' returned '0': CMAKE_PREFIX_PATH=${CMAKE_PREFIX_PATH}:/home/ikun/ros2_ws/install/simple_pcd_publisher:/home/ikun/ros2_ws/install/pcdet_ros2:/opt/ros/humble /home/ikun/.local/bin/cmake --build /home/ikun/ros2_ws/build/ros2_numpy -- -j20 -l20
[4.591s] DEBUG:colcon.colcon_core.event_handler.log_command:Invoking command in '/home/ikun/ros2_ws/build/ros2_numpy': CMAKE_PREFIX_PATH=${CMAKE_PREFIX_PATH}:/home/ikun/ros2_ws/install/simple_pcd_publisher:/home/ikun/ros2_ws/install/pcdet_ros2:/opt/ros/humble /home/ikun/.local/bin/cmake --install /home/ikun/ros2_ws/build/ros2_numpy
[4.657s] Level 1:colcon.colcon_core.environment:create_environment_scripts_only(ros2_numpy)
[4.657s] Level 1:colcon.colcon_core.environment:checking '/home/ikun/ros2_ws/install/ros2_numpy' for CMake module files
[4.657s] DEBUG:colcon.colcon_core.event_handler.log_command:Invoked command in '/home/ikun/ros2_ws/build/ros2_numpy' returned '0': CMAKE_PREFIX_PATH=${CMAKE_PREFIX_PATH}:/home/ikun/ros2_ws/install/simple_pcd_publisher:/home/ikun/ros2_ws/install/pcdet_ros2:/opt/ros/humble /home/ikun/.local/bin/cmake --install /home/ikun/ros2_ws/build/ros2_numpy
[4.658s] Level 1:colcon.colcon_core.environment:checking '/home/ikun/ros2_ws/install/ros2_numpy' for CMake config files
[4.658s] Level 1:colcon.colcon_core.shell:create_environment_hook('ros2_numpy', 'cmake_prefix_path')
[4.658s] INFO:colcon.colcon_core.shell:Creating environment hook '/home/ikun/ros2_ws/install/ros2_numpy/share/ros2_numpy/hook/cmake_prefix_path.ps1'
[4.658s] INFO:colcon.colcon_core.shell:Creating environment descriptor '/home/ikun/ros2_ws/install/ros2_numpy/share/ros2_numpy/hook/cmake_prefix_path.dsv'
[4.658s] INFO:colcon.colcon_core.shell:Creating environment hook '/home/ikun/ros2_ws/install/ros2_numpy/share/ros2_numpy/hook/cmake_prefix_path.sh'
[4.659s] Level 1:colcon.colcon_core.environment:checking '/home/ikun/ros2_ws/install/ros2_numpy/bin'
[4.659s] Level 1:colcon.colcon_core.environment:checking '/home/ikun/ros2_ws/install/ros2_numpy/lib/pkgconfig/ros2_numpy.pc'
[4.659s] Level 1:colcon.colcon_core.environment:checking '/home/ikun/ros2_ws/install/ros2_numpy/lib/python3.10/site-packages'
[4.659s] Level 1:colcon.colcon_core.environment:checking '/home/ikun/ros2_ws/install/ros2_numpy/bin'
[4.659s] INFO:colcon.colcon_core.shell:Creating package script '/home/ikun/ros2_ws/install/ros2_numpy/share/ros2_numpy/package.ps1'
[4.659s] INFO:colcon.colcon_core.shell:Creating package descriptor '/home/ikun/ros2_ws/install/ros2_numpy/share/ros2_numpy/package.dsv'
[4.660s] INFO:colcon.colcon_core.shell:Creating package script '/home/ikun/ros2_ws/install/ros2_numpy/share/ros2_numpy/package.sh'
[4.660s] INFO:colcon.colcon_core.shell:Creating package script '/home/ikun/ros2_ws/install/ros2_numpy/share/ros2_numpy/package.bash'
[4.660s] INFO:colcon.colcon_core.shell:Creating package script '/home/ikun/ros2_ws/install/ros2_numpy/share/ros2_numpy/package.zsh'
[4.660s] Level 1:colcon.colcon_core.environment:create_file_with_runtime_dependencies(/home/ikun/ros2_ws/install/ros2_numpy/share/colcon-core/packages/ros2_numpy)
[4.660s] Level 1:colcon.colcon_core.environment:create_environment_scripts_only(ros2_numpy)
[4.661s] Level 1:colcon.colcon_core.environment:checking '/home/ikun/ros2_ws/install/ros2_numpy' for CMake module files
[4.661s] Level 1:colcon.colcon_core.environment:checking '/home/ikun/ros2_ws/install/ros2_numpy' for CMake config files
[4.661s] Level 1:colcon.colcon_core.shell:create_environment_hook('ros2_numpy', 'cmake_prefix_path')
[4.661s] INFO:colcon.colcon_core.shell:Creating environment hook '/home/ikun/ros2_ws/install/ros2_numpy/share/ros2_numpy/hook/cmake_prefix_path.ps1'
[4.661s] INFO:colcon.colcon_core.shell:Creating environment descriptor '/home/ikun/ros2_ws/install/ros2_numpy/share/ros2_numpy/hook/cmake_prefix_path.dsv'
[4.661s] INFO:colcon.colcon_core.shell:Creating environment hook '/home/ikun/ros2_ws/install/ros2_numpy/share/ros2_numpy/hook/cmake_prefix_path.sh'
[4.662s] Level 1:colcon.colcon_core.environment:checking '/home/ikun/ros2_ws/install/ros2_numpy/bin'
[4.662s] Level 1:colcon.colcon_core.environment:checking '/home/ikun/ros2_ws/install/ros2_numpy/lib/pkgconfig/ros2_numpy.pc'
[4.662s] Level 1:colcon.colcon_core.environment:checking '/home/ikun/ros2_ws/install/ros2_numpy/lib/python3.10/site-packages'
[4.662s] Level 1:colcon.colcon_core.environment:checking '/home/ikun/ros2_ws/install/ros2_numpy/bin'
[4.662s] INFO:colcon.colcon_core.shell:Creating package script '/home/ikun/ros2_ws/install/ros2_numpy/share/ros2_numpy/package.ps1'
[4.662s] INFO:colcon.colcon_core.shell:Creating package descriptor '/home/ikun/ros2_ws/install/ros2_numpy/share/ros2_numpy/package.dsv'
[4.664s] INFO:colcon.colcon_core.shell:Creating package script '/home/ikun/ros2_ws/install/ros2_numpy/share/ros2_numpy/package.sh'
[4.664s] INFO:colcon.colcon_core.shell:Creating package script '/home/ikun/ros2_ws/install/ros2_numpy/share/ros2_numpy/package.bash'
[4.664s] INFO:colcon.colcon_core.shell:Creating package script '/home/ikun/ros2_ws/install/ros2_numpy/share/ros2_numpy/package.zsh'
[4.664s] Level 1:colcon.colcon_core.environment:create_file_with_runtime_dependencies(/home/ikun/ros2_ws/install/ros2_numpy/share/colcon-core/packages/ros2_numpy)
[4.664s] INFO:colcon.colcon_ros.task.ament_python.build:Building ROS package in '/home/ikun/ros2_ws/src/pcdet_ros2' with build type 'ament_python'
[4.664s] Level 1:colcon.colcon_core.shell:create_environment_hook('pcdet_ros2', 'ament_prefix_path')
[4.665s] INFO:colcon.colcon_core.shell:Creating environment hook '/home/ikun/ros2_ws/install/pcdet_ros2/share/pcdet_ros2/hook/ament_prefix_path.ps1'
[4.665s] INFO:colcon.colcon_core.shell:Creating environment descriptor '/home/ikun/ros2_ws/install/pcdet_ros2/share/pcdet_ros2/hook/ament_prefix_path.dsv'
[4.665s] INFO:colcon.colcon_core.shell:Creating environment hook '/home/ikun/ros2_ws/install/pcdet_ros2/share/pcdet_ros2/hook/ament_prefix_path.sh'
[4.666s] INFO:colcon.colcon_core.shell:Skip shell extension 'powershell' for command environment: Not usable outside of PowerShell
[4.666s] DEBUG:colcon.colcon_core.shell:Skip shell extension 'dsv' for command environment
[4.851s] INFO:colcon.colcon_core.task.python.build:Building Python package in '/home/ikun/ros2_ws/src/pcdet_ros2'
[4.851s] INFO:colcon.colcon_core.shell:Skip shell extension 'powershell' for command environment: Not usable outside of PowerShell
[4.851s] DEBUG:colcon.colcon_core.shell:Skip shell extension 'dsv' for command environment
[5.118s] DEBUG:colcon.colcon_core.event_handler.log_command:Invoking command in '/home/ikun/ros2_ws/src/pcdet_ros2': PYTHONPATH=/home/ikun/ros2_ws/build/pcdet_ros2/prefix_override:/usr/lib/python3/dist-packages/colcon_core/task/python/colcon_distutils_commands:/home/ikun/ros2_ws/install/pcdet_ros2/lib/python3.10/site-packages:${PYTHONPATH} /usr/bin/python3 -W ignore:setup.py install is deprecated -W ignore:easy_install command is deprecated setup.py egg_info --egg-base ../../build/pcdet_ros2 build --build-base /home/ikun/ros2_ws/build/pcdet_ros2/build install --record /home/ikun/ros2_ws/build/pcdet_ros2/install.log --single-version-externally-managed install_data
[5.342s] Level 1:colcon.colcon_core.environment:checking '/home/ikun/ros2_ws/install/pcdet_ros2' for CMake module files
[5.343s] DEBUG:colcon.colcon_core.event_handler.log_command:Invoked command in '/home/ikun/ros2_ws/src/pcdet_ros2' returned '0': PYTHONPATH=/home/ikun/ros2_ws/build/pcdet_ros2/prefix_override:/usr/lib/python3/dist-packages/colcon_core/task/python/colcon_distutils_commands:/home/ikun/ros2_ws/install/pcdet_ros2/lib/python3.10/site-packages:${PYTHONPATH} /usr/bin/python3 -W ignore:setup.py install is deprecated -W ignore:easy_install command is deprecated setup.py egg_info --egg-base ../../build/pcdet_ros2 build --build-base /home/ikun/ros2_ws/build/pcdet_ros2/build install --record /home/ikun/ros2_ws/build/pcdet_ros2/install.log --single-version-externally-managed install_data
[5.343s] Level 1:colcon.colcon_core.environment:checking '/home/ikun/ros2_ws/install/pcdet_ros2' for CMake config files
[5.343s] Level 1:colcon.colcon_core.environment:checking '/home/ikun/ros2_ws/install/pcdet_ros2/lib'
[5.343s] Level 1:colcon.colcon_core.environment:checking '/home/ikun/ros2_ws/install/pcdet_ros2/bin'
[5.343s] Level 1:colcon.colcon_core.environment:checking '/home/ikun/ros2_ws/install/pcdet_ros2/lib/pkgconfig/pcdet_ros2.pc'
[5.344s] Level 1:colcon.colcon_core.environment:checking '/home/ikun/ros2_ws/install/pcdet_ros2/lib/python3.10/site-packages'
[5.344s] Level 1:colcon.colcon_core.shell:create_environment_hook('pcdet_ros2', 'pythonpath')
[5.344s] INFO:colcon.colcon_core.shell:Creating environment hook '/home/ikun/ros2_ws/install/pcdet_ros2/share/pcdet_ros2/hook/pythonpath.ps1'
[5.344s] INFO:colcon.colcon_core.shell:Creating environment descriptor '/home/ikun/ros2_ws/install/pcdet_ros2/share/pcdet_ros2/hook/pythonpath.dsv'
[5.344s] INFO:colcon.colcon_core.shell:Creating environment hook '/home/ikun/ros2_ws/install/pcdet_ros2/share/pcdet_ros2/hook/pythonpath.sh'
[5.345s] Level 1:colcon.colcon_core.environment:checking '/home/ikun/ros2_ws/install/pcdet_ros2/bin'
[5.345s] Level 1:colcon.colcon_core.environment:create_environment_scripts_only(pcdet_ros2)
[5.345s] INFO:colcon.colcon_core.shell:Creating package script '/home/ikun/ros2_ws/install/pcdet_ros2/share/pcdet_ros2/package.ps1'
[5.345s] INFO:colcon.colcon_core.shell:Creating package descriptor '/home/ikun/ros2_ws/install/pcdet_ros2/share/pcdet_ros2/package.dsv'
[5.345s] INFO:colcon.colcon_core.shell:Creating package script '/home/ikun/ros2_ws/install/pcdet_ros2/share/pcdet_ros2/package.sh'
[5.346s] INFO:colcon.colcon_core.shell:Creating package script '/home/ikun/ros2_ws/install/pcdet_ros2/share/pcdet_ros2/package.bash'
[5.346s] INFO:colcon.colcon_core.shell:Creating package script '/home/ikun/ros2_ws/install/pcdet_ros2/share/pcdet_ros2/package.zsh'
[5.346s] Level 1:colcon.colcon_core.environment:create_file_with_runtime_dependencies(/home/ikun/ros2_ws/install/pcdet_ros2/share/colcon-core/packages/pcdet_ros2)
[5.346s] DEBUG:colcon.colcon_parallel_executor.executor.parallel:closing loop
[5.346s] DEBUG:colcon.colcon_parallel_executor.executor.parallel:loop closed
[5.346s] DEBUG:colcon.colcon_parallel_executor.executor.parallel:run_until_complete finished with '0'
[5.346s] DEBUG:colcon.colcon_core.event_reactor:joining thread
[5.350s] INFO:colcon.colcon_core.plugin_system:Skipping extension 'colcon_notification.desktop_notification.terminal_notifier': Not used on non-Darwin systems
[5.350s] INFO:colcon.colcon_core.plugin_system:Skipping extension 'colcon_notification.desktop_notification.win32': Not used on non-Windows systems
[5.350s] INFO:colcon.colcon_notification.desktop_notification:Sending desktop notification using 'notify2'
[5.358s] DEBUG:colcon.colcon_core.event_reactor:joined thread
[5.358s] INFO:colcon.colcon_core.shell:Creating prefix script '/home/ikun/ros2_ws/install/local_setup.ps1'
[5.359s] INFO:colcon.colcon_core.shell:Creating prefix util module '/home/ikun/ros2_ws/install/_local_setup_util_ps1.py'
[5.359s] INFO:colcon.colcon_core.shell:Creating prefix chain script '/home/ikun/ros2_ws/install/setup.ps1'
[5.360s] INFO:colcon.colcon_core.shell:Creating prefix script '/home/ikun/ros2_ws/install/local_setup.sh'
[5.360s] INFO:colcon.colcon_core.shell:Creating prefix util module '/home/ikun/ros2_ws/install/_local_setup_util_sh.py'
[5.361s] INFO:colcon.colcon_core.shell:Creating prefix chain script '/home/ikun/ros2_ws/install/setup.sh'
[5.361s] INFO:colcon.colcon_core.shell:Creating prefix script '/home/ikun/ros2_ws/install/local_setup.bash'
[5.362s] INFO:colcon.colcon_core.shell:Creating prefix chain script '/home/ikun/ros2_ws/install/setup.bash'
[5.363s] INFO:colcon.colcon_core.shell:Creating prefix script '/home/ikun/ros2_ws/install/local_setup.zsh'
[5.363s] INFO:colcon.colcon_core.shell:Creating prefix chain script '/home/ikun/ros2_ws/install/setup.zsh'
