running egg_info
creating ../../build/simple_pcd_publisher/simple_pcd_publisher.egg-info
writing ../../build/simple_pcd_publisher/simple_pcd_publisher.egg-info/PKG-INFO
writing dependency_links to ../../build/simple_pcd_publisher/simple_pcd_publisher.egg-info/dependency_links.txt
writing entry points to ../../build/simple_pcd_publisher/simple_pcd_publisher.egg-info/entry_points.txt
writing requirements to ../../build/simple_pcd_publisher/simple_pcd_publisher.egg-info/requires.txt
writing top-level names to ../../build/simple_pcd_publisher/simple_pcd_publisher.egg-info/top_level.txt
writing manifest file '../../build/simple_pcd_publisher/simple_pcd_publisher.egg-info/SOURCES.txt'
reading manifest file '../../build/simple_pcd_publisher/simple_pcd_publisher.egg-info/SOURCES.txt'
writing manifest file '../../build/simple_pcd_publisher/simple_pcd_publisher.egg-info/SOURCES.txt'
running build
running build_py
creating /home/ikun/ros2_ws/build/simple_pcd_publisher/build
creating /home/ikun/ros2_ws/build/simple_pcd_publisher/build/lib
creating /home/ikun/ros2_ws/build/simple_pcd_publisher/build/lib/simple_pcd_publisher
copying simple_pcd_publisher/detection_visualizer.py -> /home/ikun/ros2_ws/build/simple_pcd_publisher/build/lib/simple_pcd_publisher
copying simple_pcd_publisher/publisher_node.py -> /home/ikun/ros2_ws/build/simple_pcd_publisher/build/lib/simple_pcd_publisher
copying simple_pcd_publisher/__init__.py -> /home/ikun/ros2_ws/build/simple_pcd_publisher/build/lib/simple_pcd_publisher
running install
running install_lib
creating /home/ikun/ros2_ws/install/simple_pcd_publisher/lib/python3.10/site-packages/simple_pcd_publisher
copying /home/ikun/ros2_ws/build/simple_pcd_publisher/build/lib/simple_pcd_publisher/detection_visualizer.py -> /home/ikun/ros2_ws/install/simple_pcd_publisher/lib/python3.10/site-packages/simple_pcd_publisher
copying /home/ikun/ros2_ws/build/simple_pcd_publisher/build/lib/simple_pcd_publisher/publisher_node.py -> /home/ikun/ros2_ws/install/simple_pcd_publisher/lib/python3.10/site-packages/simple_pcd_publisher
copying /home/ikun/ros2_ws/build/simple_pcd_publisher/build/lib/simple_pcd_publisher/__init__.py -> /home/ikun/ros2_ws/install/simple_pcd_publisher/lib/python3.10/site-packages/simple_pcd_publisher
byte-compiling /home/ikun/ros2_ws/install/simple_pcd_publisher/lib/python3.10/site-packages/simple_pcd_publisher/detection_visualizer.py to detection_visualizer.cpython-310.pyc
byte-compiling /home/ikun/ros2_ws/install/simple_pcd_publisher/lib/python3.10/site-packages/simple_pcd_publisher/publisher_node.py to publisher_node.cpython-310.pyc
byte-compiling /home/ikun/ros2_ws/install/simple_pcd_publisher/lib/python3.10/site-packages/simple_pcd_publisher/__init__.py to __init__.cpython-310.pyc
running install_data
creating /home/ikun/ros2_ws/install/simple_pcd_publisher/share/ament_index
creating /home/ikun/ros2_ws/install/simple_pcd_publisher/share/ament_index/resource_index
creating /home/ikun/ros2_ws/install/simple_pcd_publisher/share/ament_index/resource_index/packages
copying resource/simple_pcd_publisher -> /home/ikun/ros2_ws/install/simple_pcd_publisher/share/ament_index/resource_index/packages
copying package.xml -> /home/ikun/ros2_ws/install/simple_pcd_publisher/share/simple_pcd_publisher
running install_egg_info
Copying ../../build/simple_pcd_publisher/simple_pcd_publisher.egg-info to /home/ikun/ros2_ws/install/simple_pcd_publisher/lib/python3.10/site-packages/simple_pcd_publisher-0.0.0-py3.10.egg-info
running install_scripts
Installing detection_visualizer script to /home/ikun/ros2_ws/install/simple_pcd_publisher/lib/simple_pcd_publisher
Installing kitti_pointcloud_publisher script to /home/ikun/ros2_ws/install/simple_pcd_publisher/lib/simple_pcd_publisher
writing list of installed files to '/home/ikun/ros2_ws/build/simple_pcd_publisher/install.log'
