[0.177s] DEBUG:colcon:Command line arguments: ['/usr/bin/colcon', 'build', '--symlink-install', '--packages-select', 'ros2_numpy', 'pcdet_ros2', 'simple_pcd_publisher']
[0.177s] DEBUG:colcon:Parsed command line arguments: Namespace(log_base=None, log_level=None, verb_name='build', build_base='build', install_base='install', merge_install=False, symlink_install=True, test_result_base=None, continue_on_error=False, executor='parallel', parallel_workers=20, event_handlers=None, ignore_user_meta=False, metas=['./colcon.meta'], base_paths=['.'], packages_ignore=None, packages_ignore_regex=None, paths=None, packages_up_to=None, packages_up_to_regex=None, packages_above=None, packages_above_and_dependencies=None, packages_above_depth=None, packages_select_by_dep=None, packages_skip_by_dep=None, packages_skip_up_to=None, packages_select_build_failed=False, packages_skip_build_finished=False, packages_select_test_failures=False, packages_skip_test_passed=False, packages_select=['ros2_numpy', 'pcdet_ros2', 'simple_pcd_publisher'], packages_skip=None, packages_select_regex=None, packages_skip_regex=None, packages_start=None, packages_end=None, allow_overriding=[], cmake_args=None, cmake_target=None, cmake_target_skip_unavailable=False, cmake_clean_cache=False, cmake_clean_first=False, cmake_force_configure=False, ament_cmake_args=None, catkin_cmake_args=None, catkin_skip_building_tests=False, verb_parser=<colcon_defaults.argument_parser.defaults.DefaultArgumentsDecorator object at 0x7898a2055db0>, verb_extension=<colcon_core.verb.build.BuildVerb object at 0x7898a21632b0>, main=<bound method BuildVerb.main of <colcon_core.verb.build.BuildVerb object at 0x7898a21632b0>>)
[0.348s] Level 1:colcon.colcon_core.package_discovery:discover_packages(colcon_meta) check parameters
[0.348s] Level 1:colcon.colcon_core.package_discovery:discover_packages(recursive) check parameters
[0.348s] Level 1:colcon.colcon_core.package_discovery:discover_packages(ignore) check parameters
[0.348s] Level 1:colcon.colcon_core.package_discovery:discover_packages(path) check parameters
[0.348s] Level 1:colcon.colcon_core.package_discovery:discover_packages(colcon_meta) discover
[0.348s] Level 1:colcon.colcon_core.package_discovery:discover_packages(recursive) discover
[0.348s] INFO:colcon.colcon_core.package_discovery:Crawling recursively for packages in '/home/ikun/ros2_ws'
[0.348s] Level 1:colcon.colcon_core.package_identification:_identify(.) by extensions ['ignore', 'ignore_ament_install']
[0.348s] Level 1:colcon.colcon_core.package_identification:_identify(.) by extension 'ignore'
[0.348s] Level 1:colcon.colcon_core.package_identification:_identify(.) by extension 'ignore_ament_install'
[0.348s] Level 1:colcon.colcon_core.package_identification:_identify(.) by extensions ['colcon_pkg']
[0.348s] Level 1:colcon.colcon_core.package_identification:_identify(.) by extension 'colcon_pkg'
[0.348s] Level 1:colcon.colcon_core.package_identification:_identify(.) by extensions ['colcon_meta']
[0.348s] Level 1:colcon.colcon_core.package_identification:_identify(.) by extension 'colcon_meta'
[0.348s] Level 1:colcon.colcon_core.package_identification:_identify(.) by extensions ['ros']
[0.348s] Level 1:colcon.colcon_core.package_identification:_identify(.) by extension 'ros'
[0.362s] Level 1:colcon.colcon_core.package_identification:_identify(.) by extensions ['cmake', 'python']
[0.362s] Level 1:colcon.colcon_core.package_identification:_identify(.) by extension 'cmake'
[0.362s] Level 1:colcon.colcon_core.package_identification:_identify(.) by extension 'python'
[0.362s] Level 1:colcon.colcon_core.package_identification:_identify(.) by extensions ['python_setup_py']
[0.362s] Level 1:colcon.colcon_core.package_identification:_identify(.) by extension 'python_setup_py'
[0.362s] Level 1:colcon.colcon_core.package_identification:_identify(build) by extensions ['ignore', 'ignore_ament_install']
[0.362s] Level 1:colcon.colcon_core.package_identification:_identify(build) by extension 'ignore'
[0.362s] Level 1:colcon.colcon_core.package_identification:_identify(build) ignored
[0.362s] Level 1:colcon.colcon_core.package_identification:_identify(install) by extensions ['ignore', 'ignore_ament_install']
[0.362s] Level 1:colcon.colcon_core.package_identification:_identify(install) by extension 'ignore'
[0.362s] Level 1:colcon.colcon_core.package_identification:_identify(install) ignored
[0.362s] Level 1:colcon.colcon_core.package_identification:_identify(log) by extensions ['ignore', 'ignore_ament_install']
[0.362s] Level 1:colcon.colcon_core.package_identification:_identify(log) by extension 'ignore'
[0.362s] Level 1:colcon.colcon_core.package_identification:_identify(log) ignored
[0.363s] Level 1:colcon.colcon_core.package_identification:_identify(src) by extensions ['ignore', 'ignore_ament_install']
[0.363s] Level 1:colcon.colcon_core.package_identification:_identify(src) by extension 'ignore'
[0.363s] Level 1:colcon.colcon_core.package_identification:_identify(src) by extension 'ignore_ament_install'
[0.363s] Level 1:colcon.colcon_core.package_identification:_identify(src) by extensions ['colcon_pkg']
[0.363s] Level 1:colcon.colcon_core.package_identification:_identify(src) by extension 'colcon_pkg'
[0.363s] Level 1:colcon.colcon_core.package_identification:_identify(src) by extensions ['colcon_meta']
[0.363s] Level 1:colcon.colcon_core.package_identification:_identify(src) by extension 'colcon_meta'
[0.363s] Level 1:colcon.colcon_core.package_identification:_identify(src) by extensions ['ros']
[0.363s] Level 1:colcon.colcon_core.package_identification:_identify(src) by extension 'ros'
[0.363s] Level 1:colcon.colcon_core.package_identification:_identify(src) by extensions ['cmake', 'python']
[0.363s] Level 1:colcon.colcon_core.package_identification:_identify(src) by extension 'cmake'
[0.363s] Level 1:colcon.colcon_core.package_identification:_identify(src) by extension 'python'
[0.363s] Level 1:colcon.colcon_core.package_identification:_identify(src) by extensions ['python_setup_py']
[0.363s] Level 1:colcon.colcon_core.package_identification:_identify(src) by extension 'python_setup_py'
[0.363s] Level 1:colcon.colcon_core.package_identification:_identify(src/build) by extensions ['ignore', 'ignore_ament_install']
[0.363s] Level 1:colcon.colcon_core.package_identification:_identify(src/build) by extension 'ignore'
[0.363s] Level 1:colcon.colcon_core.package_identification:_identify(src/build) ignored
[0.363s] Level 1:colcon.colcon_core.package_identification:_identify(src/install) by extensions ['ignore', 'ignore_ament_install']
[0.363s] Level 1:colcon.colcon_core.package_identification:_identify(src/install) by extension 'ignore'
[0.363s] Level 1:colcon.colcon_core.package_identification:_identify(src/install) ignored
[0.364s] Level 1:colcon.colcon_core.package_identification:_identify(src/log) by extensions ['ignore', 'ignore_ament_install']
[0.364s] Level 1:colcon.colcon_core.package_identification:_identify(src/log) by extension 'ignore'
[0.364s] Level 1:colcon.colcon_core.package_identification:_identify(src/log) ignored
[0.364s] Level 1:colcon.colcon_core.package_identification:_identify(src/pcdet_ros2) by extensions ['ignore', 'ignore_ament_install']
[0.364s] Level 1:colcon.colcon_core.package_identification:_identify(src/pcdet_ros2) by extension 'ignore'
[0.364s] Level 1:colcon.colcon_core.package_identification:_identify(src/pcdet_ros2) by extension 'ignore_ament_install'
[0.364s] Level 1:colcon.colcon_core.package_identification:_identify(src/pcdet_ros2) by extensions ['colcon_pkg']
[0.364s] Level 1:colcon.colcon_core.package_identification:_identify(src/pcdet_ros2) by extension 'colcon_pkg'
[0.364s] Level 1:colcon.colcon_core.package_identification:_identify(src/pcdet_ros2) by extensions ['colcon_meta']
[0.364s] Level 1:colcon.colcon_core.package_identification:_identify(src/pcdet_ros2) by extension 'colcon_meta'
[0.364s] Level 1:colcon.colcon_core.package_identification:_identify(src/pcdet_ros2) by extensions ['ros']
[0.364s] Level 1:colcon.colcon_core.package_identification:_identify(src/pcdet_ros2) by extension 'ros'
[0.367s] DEBUG:colcon.colcon_core.package_identification:Package 'src/pcdet_ros2' with type 'ros.ament_python' and name 'pcdet_ros2'
[0.367s] Level 1:colcon.colcon_core.package_identification:_identify(src/ros2_numpy) by extensions ['ignore', 'ignore_ament_install']
[0.367s] Level 1:colcon.colcon_core.package_identification:_identify(src/ros2_numpy) by extension 'ignore'
[0.367s] Level 1:colcon.colcon_core.package_identification:_identify(src/ros2_numpy) by extension 'ignore_ament_install'
[0.367s] Level 1:colcon.colcon_core.package_identification:_identify(src/ros2_numpy) by extensions ['colcon_pkg']
[0.367s] Level 1:colcon.colcon_core.package_identification:_identify(src/ros2_numpy) by extension 'colcon_pkg'
[0.367s] Level 1:colcon.colcon_core.package_identification:_identify(src/ros2_numpy) by extensions ['colcon_meta']
[0.367s] Level 1:colcon.colcon_core.package_identification:_identify(src/ros2_numpy) by extension 'colcon_meta'
[0.367s] Level 1:colcon.colcon_core.package_identification:_identify(src/ros2_numpy) by extensions ['ros']
[0.367s] Level 1:colcon.colcon_core.package_identification:_identify(src/ros2_numpy) by extension 'ros'
[0.368s] DEBUG:colcon.colcon_core.package_identification:Package 'src/ros2_numpy' with type 'ros.ament_cmake' and name 'ros2_numpy'
[0.368s] Level 1:colcon.colcon_core.package_identification:_identify(src/simple_pcd_publisher) by extensions ['ignore', 'ignore_ament_install']
[0.368s] Level 1:colcon.colcon_core.package_identification:_identify(src/simple_pcd_publisher) by extension 'ignore'
[0.368s] Level 1:colcon.colcon_core.package_identification:_identify(src/simple_pcd_publisher) by extension 'ignore_ament_install'
[0.368s] Level 1:colcon.colcon_core.package_identification:_identify(src/simple_pcd_publisher) by extensions ['colcon_pkg']
[0.368s] Level 1:colcon.colcon_core.package_identification:_identify(src/simple_pcd_publisher) by extension 'colcon_pkg'
[0.368s] Level 1:colcon.colcon_core.package_identification:_identify(src/simple_pcd_publisher) by extensions ['colcon_meta']
[0.368s] Level 1:colcon.colcon_core.package_identification:_identify(src/simple_pcd_publisher) by extension 'colcon_meta'
[0.368s] Level 1:colcon.colcon_core.package_identification:_identify(src/simple_pcd_publisher) by extensions ['ros']
[0.368s] Level 1:colcon.colcon_core.package_identification:_identify(src/simple_pcd_publisher) by extension 'ros'
[0.369s] DEBUG:colcon.colcon_core.package_identification:Package 'src/simple_pcd_publisher' with type 'ros.ament_python' and name 'simple_pcd_publisher'
[0.369s] Level 1:colcon.colcon_core.package_discovery:discover_packages(recursive) using defaults
[0.369s] Level 1:colcon.colcon_core.package_discovery:discover_packages(ignore) discover
[0.369s] Level 1:colcon.colcon_core.package_discovery:discover_packages(ignore) using defaults
[0.369s] Level 1:colcon.colcon_core.package_discovery:discover_packages(path) discover
[0.369s] Level 1:colcon.colcon_core.package_discovery:discover_packages(path) using defaults
[0.388s] Level 1:colcon.colcon_core.package_discovery:discover_packages(prefix_path) check parameters
[0.388s] Level 1:colcon.colcon_core.package_discovery:discover_packages(prefix_path) discover
[0.390s] DEBUG:colcon.colcon_installed_package_information.package_discovery:Found 275 installed packages in /opt/ros/humble
[0.391s] Level 1:colcon.colcon_core.package_discovery:discover_packages(prefix_path) using defaults
[0.412s] Level 5:colcon.colcon_core.verb:set package 'ros2_numpy' build argument 'cmake_args' from command line to 'None'
[0.412s] Level 5:colcon.colcon_core.verb:set package 'ros2_numpy' build argument 'cmake_target' from command line to 'None'
[0.412s] Level 5:colcon.colcon_core.verb:set package 'ros2_numpy' build argument 'cmake_target_skip_unavailable' from command line to 'False'
[0.412s] Level 5:colcon.colcon_core.verb:set package 'ros2_numpy' build argument 'cmake_clean_cache' from command line to 'False'
[0.412s] Level 5:colcon.colcon_core.verb:set package 'ros2_numpy' build argument 'cmake_clean_first' from command line to 'False'
[0.412s] Level 5:colcon.colcon_core.verb:set package 'ros2_numpy' build argument 'cmake_force_configure' from command line to 'False'
[0.412s] Level 5:colcon.colcon_core.verb:set package 'ros2_numpy' build argument 'ament_cmake_args' from command line to 'None'
[0.412s] Level 5:colcon.colcon_core.verb:set package 'ros2_numpy' build argument 'catkin_cmake_args' from command line to 'None'
[0.412s] Level 5:colcon.colcon_core.verb:set package 'ros2_numpy' build argument 'catkin_skip_building_tests' from command line to 'False'
[0.412s] DEBUG:colcon.colcon_core.verb:Building package 'ros2_numpy' with the following arguments: {'ament_cmake_args': None, 'build_base': '/home/ikun/ros2_ws/build/ros2_numpy', 'catkin_cmake_args': None, 'catkin_skip_building_tests': False, 'cmake_args': None, 'cmake_clean_cache': False, 'cmake_clean_first': False, 'cmake_force_configure': False, 'cmake_target': None, 'cmake_target_skip_unavailable': False, 'install_base': '/home/ikun/ros2_ws/install/ros2_numpy', 'merge_install': False, 'path': '/home/ikun/ros2_ws/src/ros2_numpy', 'symlink_install': True, 'test_result_base': None}
[0.413s] Level 5:colcon.colcon_core.verb:set package 'simple_pcd_publisher' build argument 'cmake_args' from command line to 'None'
[0.413s] Level 5:colcon.colcon_core.verb:set package 'simple_pcd_publisher' build argument 'cmake_target' from command line to 'None'
[0.413s] Level 5:colcon.colcon_core.verb:set package 'simple_pcd_publisher' build argument 'cmake_target_skip_unavailable' from command line to 'False'
[0.413s] Level 5:colcon.colcon_core.verb:set package 'simple_pcd_publisher' build argument 'cmake_clean_cache' from command line to 'False'
[0.413s] Level 5:colcon.colcon_core.verb:set package 'simple_pcd_publisher' build argument 'cmake_clean_first' from command line to 'False'
[0.413s] Level 5:colcon.colcon_core.verb:set package 'simple_pcd_publisher' build argument 'cmake_force_configure' from command line to 'False'
[0.413s] Level 5:colcon.colcon_core.verb:set package 'simple_pcd_publisher' build argument 'ament_cmake_args' from command line to 'None'
[0.413s] Level 5:colcon.colcon_core.verb:set package 'simple_pcd_publisher' build argument 'catkin_cmake_args' from command line to 'None'
[0.413s] Level 5:colcon.colcon_core.verb:set package 'simple_pcd_publisher' build argument 'catkin_skip_building_tests' from command line to 'False'
[0.413s] DEBUG:colcon.colcon_core.verb:Building package 'simple_pcd_publisher' with the following arguments: {'ament_cmake_args': None, 'build_base': '/home/ikun/ros2_ws/build/simple_pcd_publisher', 'catkin_cmake_args': None, 'catkin_skip_building_tests': False, 'cmake_args': None, 'cmake_clean_cache': False, 'cmake_clean_first': False, 'cmake_force_configure': False, 'cmake_target': None, 'cmake_target_skip_unavailable': False, 'install_base': '/home/ikun/ros2_ws/install/simple_pcd_publisher', 'merge_install': False, 'path': '/home/ikun/ros2_ws/src/simple_pcd_publisher', 'symlink_install': True, 'test_result_base': None}
[0.413s] Level 5:colcon.colcon_core.verb:set package 'pcdet_ros2' build argument 'cmake_args' from command line to 'None'
[0.413s] Level 5:colcon.colcon_core.verb:set package 'pcdet_ros2' build argument 'cmake_target' from command line to 'None'
[0.413s] Level 5:colcon.colcon_core.verb:set package 'pcdet_ros2' build argument 'cmake_target_skip_unavailable' from command line to 'False'
[0.413s] Level 5:colcon.colcon_core.verb:set package 'pcdet_ros2' build argument 'cmake_clean_cache' from command line to 'False'
[0.413s] Level 5:colcon.colcon_core.verb:set package 'pcdet_ros2' build argument 'cmake_clean_first' from command line to 'False'
[0.413s] Level 5:colcon.colcon_core.verb:set package 'pcdet_ros2' build argument 'cmake_force_configure' from command line to 'False'
[0.413s] Level 5:colcon.colcon_core.verb:set package 'pcdet_ros2' build argument 'ament_cmake_args' from command line to 'None'
[0.413s] Level 5:colcon.colcon_core.verb:set package 'pcdet_ros2' build argument 'catkin_cmake_args' from command line to 'None'
[0.413s] Level 5:colcon.colcon_core.verb:set package 'pcdet_ros2' build argument 'catkin_skip_building_tests' from command line to 'False'
[0.413s] DEBUG:colcon.colcon_core.verb:Building package 'pcdet_ros2' with the following arguments: {'ament_cmake_args': None, 'build_base': '/home/ikun/ros2_ws/build/pcdet_ros2', 'catkin_cmake_args': None, 'catkin_skip_building_tests': False, 'cmake_args': None, 'cmake_clean_cache': False, 'cmake_clean_first': False, 'cmake_force_configure': False, 'cmake_target': None, 'cmake_target_skip_unavailable': False, 'install_base': '/home/ikun/ros2_ws/install/pcdet_ros2', 'merge_install': False, 'path': '/home/ikun/ros2_ws/src/pcdet_ros2', 'symlink_install': True, 'test_result_base': None}
[0.413s] INFO:colcon.colcon_core.executor:Executing jobs using 'parallel' executor
[0.414s] DEBUG:colcon.colcon_parallel_executor.executor.parallel:run_until_complete
[0.414s] INFO:colcon.colcon_ros.task.ament_cmake.build:Building ROS package in '/home/ikun/ros2_ws/src/ros2_numpy' with build type 'ament_cmake'
[0.414s] INFO:colcon.colcon_cmake.task.cmake.build:Building CMake package in '/home/ikun/ros2_ws/src/ros2_numpy'
[0.417s] INFO:colcon.colcon_core.plugin_system:Skipping extension 'colcon_core.shell.bat': Not used on non-Windows systems
[0.417s] INFO:colcon.colcon_core.shell:Skip shell extension 'powershell' for command environment: Not usable outside of PowerShell
[0.417s] DEBUG:colcon.colcon_core.shell:Skip shell extension 'dsv' for command environment
[0.419s] INFO:colcon.colcon_ros.task.ament_python.build:Building ROS package in '/home/ikun/ros2_ws/src/simple_pcd_publisher' with build type 'ament_python'
[0.419s] Level 1:colcon.colcon_core.shell:create_environment_hook('simple_pcd_publisher', 'ament_prefix_path')
[0.419s] INFO:colcon.colcon_core.shell:Creating environment hook '/home/ikun/ros2_ws/install/simple_pcd_publisher/share/simple_pcd_publisher/hook/ament_prefix_path.ps1'
[0.420s] INFO:colcon.colcon_core.shell:Creating environment descriptor '/home/ikun/ros2_ws/install/simple_pcd_publisher/share/simple_pcd_publisher/hook/ament_prefix_path.dsv'
[0.420s] INFO:colcon.colcon_core.shell:Creating environment hook '/home/ikun/ros2_ws/install/simple_pcd_publisher/share/simple_pcd_publisher/hook/ament_prefix_path.sh'
[0.421s] INFO:colcon.colcon_core.shell:Skip shell extension 'powershell' for command environment: Not usable outside of PowerShell
[0.421s] DEBUG:colcon.colcon_core.shell:Skip shell extension 'dsv' for command environment
[0.427s] DEBUG:colcon.colcon_core.event_handler.log_command:Invoking command in '/home/ikun/ros2_ws/build/ros2_numpy': CMAKE_PREFIX_PATH=/opt/ros/humble /home/ikun/.local/bin/cmake /home/ikun/ros2_ws/src/ros2_numpy -DAMENT_CMAKE_SYMLINK_INSTALL=1 -DCMAKE_INSTALL_PREFIX=/home/ikun/ros2_ws/install/ros2_numpy
[0.613s] INFO:colcon.colcon_core.task.python.build:Building Python package in '/home/ikun/ros2_ws/src/simple_pcd_publisher'
[0.614s] INFO:colcon.colcon_core.shell:Skip shell extension 'powershell' for command environment: Not usable outside of PowerShell
[0.614s] DEBUG:colcon.colcon_core.shell:Skip shell extension 'dsv' for command environment
[0.930s] DEBUG:colcon.colcon_core.event_handler.log_command:Invoking command in '/home/ikun/ros2_ws/build/simple_pcd_publisher': PYTHONPATH=/home/ikun/ros2_ws/build/simple_pcd_publisher/prefix_override:/usr/lib/python3/dist-packages/colcon_core/task/python/colcon_distutils_commands:/home/ikun/ros2_ws/install/simple_pcd_publisher/lib/python3.10/site-packages:${PYTHONPATH} /usr/bin/python3 -W ignore:setup.py install is deprecated -W ignore:easy_install command is deprecated setup.py develop --editable --build-directory /home/ikun/ros2_ws/build/simple_pcd_publisher/build --no-deps symlink_data
[1.258s] Level 1:colcon.colcon_core.shell:create_environment_hook('simple_pcd_publisher', 'pythonpath_develop')
[1.258s] DEBUG:colcon.colcon_core.event_handler.log_command:Invoked command in '/home/ikun/ros2_ws/build/simple_pcd_publisher' returned '0': PYTHONPATH=/home/ikun/ros2_ws/build/simple_pcd_publisher/prefix_override:/usr/lib/python3/dist-packages/colcon_core/task/python/colcon_distutils_commands:/home/ikun/ros2_ws/install/simple_pcd_publisher/lib/python3.10/site-packages:${PYTHONPATH} /usr/bin/python3 -W ignore:setup.py install is deprecated -W ignore:easy_install command is deprecated setup.py develop --editable --build-directory /home/ikun/ros2_ws/build/simple_pcd_publisher/build --no-deps symlink_data
[1.259s] INFO:colcon.colcon_core.shell:Creating environment hook '/home/ikun/ros2_ws/build/simple_pcd_publisher/share/simple_pcd_publisher/hook/pythonpath_develop.ps1'
[1.260s] INFO:colcon.colcon_core.shell:Creating environment descriptor '/home/ikun/ros2_ws/build/simple_pcd_publisher/share/simple_pcd_publisher/hook/pythonpath_develop.dsv'
[1.260s] INFO:colcon.colcon_core.shell:Creating environment hook '/home/ikun/ros2_ws/build/simple_pcd_publisher/share/simple_pcd_publisher/hook/pythonpath_develop.sh'
[1.267s] Level 1:colcon.colcon_core.environment:checking '/home/ikun/ros2_ws/install/simple_pcd_publisher' for CMake module files
[1.267s] Level 1:colcon.colcon_core.environment:checking '/home/ikun/ros2_ws/install/simple_pcd_publisher' for CMake config files
[1.268s] Level 1:colcon.colcon_core.environment:checking '/home/ikun/ros2_ws/install/simple_pcd_publisher/lib'
[1.268s] Level 1:colcon.colcon_core.environment:checking '/home/ikun/ros2_ws/install/simple_pcd_publisher/bin'
[1.268s] Level 1:colcon.colcon_core.environment:checking '/home/ikun/ros2_ws/install/simple_pcd_publisher/lib/pkgconfig/simple_pcd_publisher.pc'
[1.268s] Level 1:colcon.colcon_core.environment:checking '/home/ikun/ros2_ws/install/simple_pcd_publisher/lib/python3.10/site-packages'
[1.269s] Level 1:colcon.colcon_core.shell:create_environment_hook('simple_pcd_publisher', 'pythonpath')
[1.269s] INFO:colcon.colcon_core.shell:Creating environment hook '/home/ikun/ros2_ws/install/simple_pcd_publisher/share/simple_pcd_publisher/hook/pythonpath.ps1'
[1.269s] INFO:colcon.colcon_core.shell:Creating environment descriptor '/home/ikun/ros2_ws/install/simple_pcd_publisher/share/simple_pcd_publisher/hook/pythonpath.dsv'
[1.270s] INFO:colcon.colcon_core.shell:Creating environment hook '/home/ikun/ros2_ws/install/simple_pcd_publisher/share/simple_pcd_publisher/hook/pythonpath.sh'
[1.271s] Level 1:colcon.colcon_core.environment:checking '/home/ikun/ros2_ws/install/simple_pcd_publisher/bin'
[1.271s] Level 1:colcon.colcon_core.environment:create_environment_scripts_only(simple_pcd_publisher)
[1.271s] INFO:colcon.colcon_core.shell:Creating package script '/home/ikun/ros2_ws/install/simple_pcd_publisher/share/simple_pcd_publisher/package.ps1'
[1.272s] INFO:colcon.colcon_core.shell:Creating package descriptor '/home/ikun/ros2_ws/install/simple_pcd_publisher/share/simple_pcd_publisher/package.dsv'
[1.273s] INFO:colcon.colcon_core.shell:Creating package script '/home/ikun/ros2_ws/install/simple_pcd_publisher/share/simple_pcd_publisher/package.sh'
[1.273s] INFO:colcon.colcon_core.shell:Creating package script '/home/ikun/ros2_ws/install/simple_pcd_publisher/share/simple_pcd_publisher/package.bash'
[1.274s] INFO:colcon.colcon_core.shell:Creating package script '/home/ikun/ros2_ws/install/simple_pcd_publisher/share/simple_pcd_publisher/package.zsh'
[1.275s] Level 1:colcon.colcon_core.environment:create_file_with_runtime_dependencies(/home/ikun/ros2_ws/install/simple_pcd_publisher/share/colcon-core/packages/simple_pcd_publisher)
[5.403s] DEBUG:colcon.colcon_core.event_handler.log_command:Invoked command in '/home/ikun/ros2_ws/build/ros2_numpy' returned '0': CMAKE_PREFIX_PATH=/opt/ros/humble /home/ikun/.local/bin/cmake /home/ikun/ros2_ws/src/ros2_numpy -DAMENT_CMAKE_SYMLINK_INSTALL=1 -DCMAKE_INSTALL_PREFIX=/home/ikun/ros2_ws/install/ros2_numpy
[5.405s] DEBUG:colcon.colcon_core.event_handler.log_command:Invoking command in '/home/ikun/ros2_ws/build/ros2_numpy': CMAKE_PREFIX_PATH=/opt/ros/humble /home/ikun/.local/bin/cmake --build /home/ikun/ros2_ws/build/ros2_numpy -- -j20 -l20
[5.642s] DEBUG:colcon.colcon_core.event_handler.log_command:Invoked command in '/home/ikun/ros2_ws/build/ros2_numpy' returned '0': CMAKE_PREFIX_PATH=/opt/ros/humble /home/ikun/.local/bin/cmake --build /home/ikun/ros2_ws/build/ros2_numpy -- -j20 -l20
[5.674s] DEBUG:colcon.colcon_core.event_handler.log_command:Invoking command in '/home/ikun/ros2_ws/build/ros2_numpy': CMAKE_PREFIX_PATH=/opt/ros/humble /home/ikun/.local/bin/cmake --install /home/ikun/ros2_ws/build/ros2_numpy
[5.888s] Level 1:colcon.colcon_core.environment:create_environment_scripts_only(ros2_numpy)
[5.889s] Level 1:colcon.colcon_core.environment:checking '/home/ikun/ros2_ws/install/ros2_numpy' for CMake module files
[5.889s] DEBUG:colcon.colcon_core.event_handler.log_command:Invoked command in '/home/ikun/ros2_ws/build/ros2_numpy' returned '0': CMAKE_PREFIX_PATH=/opt/ros/humble /home/ikun/.local/bin/cmake --install /home/ikun/ros2_ws/build/ros2_numpy
[5.890s] Level 1:colcon.colcon_core.environment:checking '/home/ikun/ros2_ws/install/ros2_numpy' for CMake config files
[5.890s] Level 1:colcon.colcon_core.shell:create_environment_hook('ros2_numpy', 'cmake_prefix_path')
[5.890s] INFO:colcon.colcon_core.shell:Creating environment hook '/home/ikun/ros2_ws/install/ros2_numpy/share/ros2_numpy/hook/cmake_prefix_path.ps1'
[5.891s] INFO:colcon.colcon_core.shell:Creating environment descriptor '/home/ikun/ros2_ws/install/ros2_numpy/share/ros2_numpy/hook/cmake_prefix_path.dsv'
[5.892s] INFO:colcon.colcon_core.shell:Creating environment hook '/home/ikun/ros2_ws/install/ros2_numpy/share/ros2_numpy/hook/cmake_prefix_path.sh'
[5.892s] Level 1:colcon.colcon_core.environment:checking '/home/ikun/ros2_ws/install/ros2_numpy/bin'
[5.892s] Level 1:colcon.colcon_core.environment:checking '/home/ikun/ros2_ws/install/ros2_numpy/lib/pkgconfig/ros2_numpy.pc'
[5.893s] Level 1:colcon.colcon_core.environment:checking '/home/ikun/ros2_ws/install/ros2_numpy/lib/python3.10/site-packages'
[5.893s] Level 1:colcon.colcon_core.environment:checking '/home/ikun/ros2_ws/install/ros2_numpy/bin'
[5.893s] INFO:colcon.colcon_core.shell:Creating package script '/home/ikun/ros2_ws/install/ros2_numpy/share/ros2_numpy/package.ps1'
[5.894s] INFO:colcon.colcon_core.shell:Creating package descriptor '/home/ikun/ros2_ws/install/ros2_numpy/share/ros2_numpy/package.dsv'
[5.894s] INFO:colcon.colcon_core.shell:Creating package script '/home/ikun/ros2_ws/install/ros2_numpy/share/ros2_numpy/package.sh'
[5.895s] INFO:colcon.colcon_core.shell:Creating package script '/home/ikun/ros2_ws/install/ros2_numpy/share/ros2_numpy/package.bash'
[5.895s] INFO:colcon.colcon_core.shell:Creating package script '/home/ikun/ros2_ws/install/ros2_numpy/share/ros2_numpy/package.zsh'
[5.895s] Level 1:colcon.colcon_core.environment:create_file_with_runtime_dependencies(/home/ikun/ros2_ws/install/ros2_numpy/share/colcon-core/packages/ros2_numpy)
[5.896s] Level 1:colcon.colcon_core.environment:create_environment_scripts_only(ros2_numpy)
[5.896s] Level 1:colcon.colcon_core.environment:checking '/home/ikun/ros2_ws/install/ros2_numpy' for CMake module files
[5.897s] Level 1:colcon.colcon_core.environment:checking '/home/ikun/ros2_ws/install/ros2_numpy' for CMake config files
[5.897s] Level 1:colcon.colcon_core.shell:create_environment_hook('ros2_numpy', 'cmake_prefix_path')
[5.898s] INFO:colcon.colcon_core.shell:Creating environment hook '/home/ikun/ros2_ws/install/ros2_numpy/share/ros2_numpy/hook/cmake_prefix_path.ps1'
[5.898s] INFO:colcon.colcon_core.shell:Creating environment descriptor '/home/ikun/ros2_ws/install/ros2_numpy/share/ros2_numpy/hook/cmake_prefix_path.dsv'
[5.899s] INFO:colcon.colcon_core.shell:Creating environment hook '/home/ikun/ros2_ws/install/ros2_numpy/share/ros2_numpy/hook/cmake_prefix_path.sh'
[5.899s] Level 1:colcon.colcon_core.environment:checking '/home/ikun/ros2_ws/install/ros2_numpy/bin'
[5.899s] Level 1:colcon.colcon_core.environment:checking '/home/ikun/ros2_ws/install/ros2_numpy/lib/pkgconfig/ros2_numpy.pc'
[5.900s] Level 1:colcon.colcon_core.environment:checking '/home/ikun/ros2_ws/install/ros2_numpy/lib/python3.10/site-packages'
[5.900s] Level 1:colcon.colcon_core.environment:checking '/home/ikun/ros2_ws/install/ros2_numpy/bin'
[5.900s] INFO:colcon.colcon_core.shell:Creating package script '/home/ikun/ros2_ws/install/ros2_numpy/share/ros2_numpy/package.ps1'
[5.901s] INFO:colcon.colcon_core.shell:Creating package descriptor '/home/ikun/ros2_ws/install/ros2_numpy/share/ros2_numpy/package.dsv'
[5.901s] INFO:colcon.colcon_core.shell:Creating package script '/home/ikun/ros2_ws/install/ros2_numpy/share/ros2_numpy/package.sh'
[5.902s] INFO:colcon.colcon_core.shell:Creating package script '/home/ikun/ros2_ws/install/ros2_numpy/share/ros2_numpy/package.bash'
[5.902s] INFO:colcon.colcon_core.shell:Creating package script '/home/ikun/ros2_ws/install/ros2_numpy/share/ros2_numpy/package.zsh'
[5.903s] Level 1:colcon.colcon_core.environment:create_file_with_runtime_dependencies(/home/ikun/ros2_ws/install/ros2_numpy/share/colcon-core/packages/ros2_numpy)
[5.903s] INFO:colcon.colcon_ros.task.ament_python.build:Building ROS package in '/home/ikun/ros2_ws/src/pcdet_ros2' with build type 'ament_python'
[5.903s] Level 1:colcon.colcon_core.shell:create_environment_hook('pcdet_ros2', 'ament_prefix_path')
[5.903s] INFO:colcon.colcon_core.shell:Creating environment hook '/home/ikun/ros2_ws/install/pcdet_ros2/share/pcdet_ros2/hook/ament_prefix_path.ps1'
[5.904s] INFO:colcon.colcon_core.shell:Creating environment descriptor '/home/ikun/ros2_ws/install/pcdet_ros2/share/pcdet_ros2/hook/ament_prefix_path.dsv'
[5.905s] INFO:colcon.colcon_core.shell:Creating environment hook '/home/ikun/ros2_ws/install/pcdet_ros2/share/pcdet_ros2/hook/ament_prefix_path.sh'
[5.905s] INFO:colcon.colcon_core.shell:Skip shell extension 'powershell' for command environment: Not usable outside of PowerShell
[5.905s] DEBUG:colcon.colcon_core.shell:Skip shell extension 'dsv' for command environment
[6.091s] INFO:colcon.colcon_core.task.python.build:Building Python package in '/home/ikun/ros2_ws/src/pcdet_ros2'
[6.091s] INFO:colcon.colcon_core.shell:Skip shell extension 'powershell' for command environment: Not usable outside of PowerShell
[6.091s] DEBUG:colcon.colcon_core.shell:Skip shell extension 'dsv' for command environment
[6.365s] DEBUG:colcon.colcon_core.event_handler.log_command:Invoking command in '/home/ikun/ros2_ws/build/pcdet_ros2': AMENT_PREFIX_PATH=/home/ikun/ros2_ws/install/ros2_numpy:${AMENT_PREFIX_PATH} CMAKE_PREFIX_PATH=/home/ikun/ros2_ws/install/ros2_numpy PYTHONPATH=/home/ikun/ros2_ws/build/pcdet_ros2/prefix_override:/usr/lib/python3/dist-packages/colcon_core/task/python/colcon_distutils_commands:/home/ikun/ros2_ws/install/pcdet_ros2/lib/python3.10/site-packages:/home/ikun/ros2_ws/install/ros2_numpy/local/lib/python3.10/dist-packages:${PYTHONPATH} /usr/bin/python3 -W ignore:setup.py install is deprecated -W ignore:easy_install command is deprecated setup.py develop --editable --build-directory /home/ikun/ros2_ws/build/pcdet_ros2/build --no-deps symlink_data
[6.679s] Level 1:colcon.colcon_core.shell:create_environment_hook('pcdet_ros2', 'pythonpath_develop')
[6.679s] INFO:colcon.colcon_core.shell:Creating environment hook '/home/ikun/ros2_ws/build/pcdet_ros2/share/pcdet_ros2/hook/pythonpath_develop.ps1'
[6.679s] DEBUG:colcon.colcon_core.event_handler.log_command:Invoked command in '/home/ikun/ros2_ws/build/pcdet_ros2' returned '0': AMENT_PREFIX_PATH=/home/ikun/ros2_ws/install/ros2_numpy:${AMENT_PREFIX_PATH} CMAKE_PREFIX_PATH=/home/ikun/ros2_ws/install/ros2_numpy PYTHONPATH=/home/ikun/ros2_ws/build/pcdet_ros2/prefix_override:/usr/lib/python3/dist-packages/colcon_core/task/python/colcon_distutils_commands:/home/ikun/ros2_ws/install/pcdet_ros2/lib/python3.10/site-packages:/home/ikun/ros2_ws/install/ros2_numpy/local/lib/python3.10/dist-packages:${PYTHONPATH} /usr/bin/python3 -W ignore:setup.py install is deprecated -W ignore:easy_install command is deprecated setup.py develop --editable --build-directory /home/ikun/ros2_ws/build/pcdet_ros2/build --no-deps symlink_data
[6.680s] INFO:colcon.colcon_core.shell:Creating environment descriptor '/home/ikun/ros2_ws/build/pcdet_ros2/share/pcdet_ros2/hook/pythonpath_develop.dsv'
[6.680s] INFO:colcon.colcon_core.shell:Creating environment hook '/home/ikun/ros2_ws/build/pcdet_ros2/share/pcdet_ros2/hook/pythonpath_develop.sh'
[6.680s] Level 1:colcon.colcon_core.environment:checking '/home/ikun/ros2_ws/install/pcdet_ros2' for CMake module files
[6.681s] Level 1:colcon.colcon_core.environment:checking '/home/ikun/ros2_ws/install/pcdet_ros2' for CMake config files
[6.681s] Level 1:colcon.colcon_core.environment:checking '/home/ikun/ros2_ws/install/pcdet_ros2/lib'
[6.681s] Level 1:colcon.colcon_core.environment:checking '/home/ikun/ros2_ws/install/pcdet_ros2/bin'
[6.681s] Level 1:colcon.colcon_core.environment:checking '/home/ikun/ros2_ws/install/pcdet_ros2/lib/pkgconfig/pcdet_ros2.pc'
[6.682s] Level 1:colcon.colcon_core.environment:checking '/home/ikun/ros2_ws/install/pcdet_ros2/lib/python3.10/site-packages'
[6.682s] Level 1:colcon.colcon_core.shell:create_environment_hook('pcdet_ros2', 'pythonpath')
[6.682s] INFO:colcon.colcon_core.shell:Creating environment hook '/home/ikun/ros2_ws/install/pcdet_ros2/share/pcdet_ros2/hook/pythonpath.ps1'
[6.682s] INFO:colcon.colcon_core.shell:Creating environment descriptor '/home/ikun/ros2_ws/install/pcdet_ros2/share/pcdet_ros2/hook/pythonpath.dsv'
[6.682s] INFO:colcon.colcon_core.shell:Creating environment hook '/home/ikun/ros2_ws/install/pcdet_ros2/share/pcdet_ros2/hook/pythonpath.sh'
[6.682s] Level 1:colcon.colcon_core.environment:checking '/home/ikun/ros2_ws/install/pcdet_ros2/bin'
[6.683s] Level 1:colcon.colcon_core.environment:create_environment_scripts_only(pcdet_ros2)
[6.683s] INFO:colcon.colcon_core.shell:Creating package script '/home/ikun/ros2_ws/install/pcdet_ros2/share/pcdet_ros2/package.ps1'
[6.683s] INFO:colcon.colcon_core.shell:Creating package descriptor '/home/ikun/ros2_ws/install/pcdet_ros2/share/pcdet_ros2/package.dsv'
[6.683s] INFO:colcon.colcon_core.shell:Creating package script '/home/ikun/ros2_ws/install/pcdet_ros2/share/pcdet_ros2/package.sh'
[6.684s] INFO:colcon.colcon_core.shell:Creating package script '/home/ikun/ros2_ws/install/pcdet_ros2/share/pcdet_ros2/package.bash'
[6.684s] INFO:colcon.colcon_core.shell:Creating package script '/home/ikun/ros2_ws/install/pcdet_ros2/share/pcdet_ros2/package.zsh'
[6.684s] Level 1:colcon.colcon_core.environment:create_file_with_runtime_dependencies(/home/ikun/ros2_ws/install/pcdet_ros2/share/colcon-core/packages/pcdet_ros2)
[6.684s] DEBUG:colcon.colcon_parallel_executor.executor.parallel:closing loop
[6.684s] DEBUG:colcon.colcon_parallel_executor.executor.parallel:loop closed
[6.684s] DEBUG:colcon.colcon_parallel_executor.executor.parallel:run_until_complete finished with '0'
[6.684s] DEBUG:colcon.colcon_core.event_reactor:joining thread
[6.689s] INFO:colcon.colcon_core.plugin_system:Skipping extension 'colcon_notification.desktop_notification.terminal_notifier': Not used on non-Darwin systems
[6.689s] INFO:colcon.colcon_core.plugin_system:Skipping extension 'colcon_notification.desktop_notification.win32': Not used on non-Windows systems
[6.689s] INFO:colcon.colcon_notification.desktop_notification:Sending desktop notification using 'notify2'
[6.701s] DEBUG:colcon.colcon_core.event_reactor:joined thread
[6.702s] INFO:colcon.colcon_core.shell:Creating prefix script '/home/ikun/ros2_ws/install/local_setup.ps1'
[6.703s] INFO:colcon.colcon_core.shell:Creating prefix util module '/home/ikun/ros2_ws/install/_local_setup_util_ps1.py'
[6.704s] INFO:colcon.colcon_core.shell:Creating prefix chain script '/home/ikun/ros2_ws/install/setup.ps1'
[6.704s] INFO:colcon.colcon_core.shell:Creating prefix script '/home/ikun/ros2_ws/install/local_setup.sh'
[6.705s] INFO:colcon.colcon_core.shell:Creating prefix util module '/home/ikun/ros2_ws/install/_local_setup_util_sh.py'
[6.705s] INFO:colcon.colcon_core.shell:Creating prefix chain script '/home/ikun/ros2_ws/install/setup.sh'
[6.706s] INFO:colcon.colcon_core.shell:Creating prefix script '/home/ikun/ros2_ws/install/local_setup.bash'
[6.706s] INFO:colcon.colcon_core.shell:Creating prefix chain script '/home/ikun/ros2_ws/install/setup.bash'
[6.707s] INFO:colcon.colcon_core.shell:Creating prefix script '/home/ikun/ros2_ws/install/local_setup.zsh'
[6.708s] INFO:colcon.colcon_core.shell:Creating prefix chain script '/home/ikun/ros2_ws/install/setup.zsh'
