[0.012s] Invoking command in '/home/ikun/OpenPCDet_ROS2/build/ros2_numpy': CMAKE_PREFIX_PATH=${CMAKE_PREFIX_PATH}:/home/ikun/OpenPCDet_ROS2/install/simple_pcd_publisher:/home/ikun/OpenPCDet_ROS2/install/pcdet_ros2:/opt/ros/humble /home/ikun/.local/bin/cmake /home/ikun/OpenPCDet_ROS2/src/ros2_numpy -DAMENT_CMAKE_SYMLINK_INSTALL=1 -DCMAKE_INSTALL_PREFIX=/home/ikun/OpenPCDet_ROS2/install/ros2_numpy
[0.157s] -- The C compiler identification is GNU 11.4.0
[0.314s] -- The CXX compiler identification is GNU 11.4.0
[0.399s] -- Detecting C compiler ABI info
[0.464s] -- Detecting C compiler ABI info - done
[0.469s] -- Check for working C compiler: /usr/bin/cc - skipped
[0.470s] -- Detecting C compile features
[0.471s] -- Detecting C compile features - done
[0.474s] -- Detecting CXX compiler ABI info
[0.540s] -- Detecting CXX compiler ABI info - done
[0.546s] -- Check for working CXX compiler: /usr/bin/c++ - skipped
[0.546s] -- Detecting CXX compile features
[0.546s] -- Detecting CXX compile features - done
[0.554s] -- Found ament_cmake: 1.3.11 (/opt/ros/humble/share/ament_cmake/cmake)
[0.625s] -- Found Python3: /usr/bin/python3 (found version "3.10.12") found components: Interpreter 
[0.668s] -- Override CMake install command with custom implementation using symlinks instead of copying resources
[0.692s] -- Found sensor_msgs: 4.9.0 (/opt/ros/humble/share/sensor_msgs/cmake)
[0.762s] -- Found rosidl_generator_c: 3.1.6 (/opt/ros/humble/share/rosidl_generator_c/cmake)
[0.766s] -- Found rosidl_adapter: 3.1.6 (/opt/ros/humble/share/rosidl_adapter/cmake)
[0.774s] -- Found rosidl_generator_cpp: 3.1.6 (/opt/ros/humble/share/rosidl_generator_cpp/cmake)
[0.787s] -- Using all available rosidl_typesupport_c: rosidl_typesupport_fastrtps_c;rosidl_typesupport_introspection_c
[0.802s] -- Using all available rosidl_typesupport_cpp: rosidl_typesupport_fastrtps_cpp;rosidl_typesupport_introspection_cpp
[0.858s] -- Found nav_msgs: 4.9.0 (/opt/ros/humble/share/nav_msgs/cmake)
[0.922s] -- Found rclpy: 3.3.16 (/opt/ros/humble/share/rclpy/cmake)
[0.923s] -- Found ament_cmake_pytest: 1.3.11 (/opt/ros/humble/share/ament_cmake_pytest/cmake)
[4.115s] -- Configuring done
[4.119s] -- Generating done
[4.121s] -- Build files have been written to: /home/ikun/OpenPCDet_ROS2/build/ros2_numpy
[4.128s] Invoked command in '/home/ikun/OpenPCDet_ROS2/build/ros2_numpy' returned '0': CMAKE_PREFIX_PATH=${CMAKE_PREFIX_PATH}:/home/ikun/OpenPCDet_ROS2/install/simple_pcd_publisher:/home/ikun/OpenPCDet_ROS2/install/pcdet_ros2:/opt/ros/humble /home/ikun/.local/bin/cmake /home/ikun/OpenPCDet_ROS2/src/ros2_numpy -DAMENT_CMAKE_SYMLINK_INSTALL=1 -DCMAKE_INSTALL_PREFIX=/home/ikun/OpenPCDet_ROS2/install/ros2_numpy
[4.129s] Invoking command in '/home/ikun/OpenPCDet_ROS2/build/ros2_numpy': CMAKE_PREFIX_PATH=${CMAKE_PREFIX_PATH}:/home/ikun/OpenPCDet_ROS2/install/simple_pcd_publisher:/home/ikun/OpenPCDet_ROS2/install/pcdet_ros2:/opt/ros/humble /home/ikun/.local/bin/cmake --build /home/ikun/OpenPCDet_ROS2/build/ros2_numpy -- -j20 -l20
[4.158s] Built target ament_cmake_python_symlink_ros2_numpy
[4.282s] running egg_info
[4.282s] creating ros2_numpy.egg-info
[4.282s] writing ros2_numpy.egg-info/PKG-INFO
[4.282s] writing dependency_links to ros2_numpy.egg-info/dependency_links.txt
[4.282s] writing top-level names to ros2_numpy.egg-info/top_level.txt
[4.282s] writing manifest file 'ros2_numpy.egg-info/SOURCES.txt'
[4.284s] reading manifest file 'ros2_numpy.egg-info/SOURCES.txt'
[4.284s] writing manifest file 'ros2_numpy.egg-info/SOURCES.txt'
[4.296s] Built target ament_cmake_python_build_ros2_numpy_egg
[4.301s] Invoked command in '/home/ikun/OpenPCDet_ROS2/build/ros2_numpy' returned '0': CMAKE_PREFIX_PATH=${CMAKE_PREFIX_PATH}:/home/ikun/OpenPCDet_ROS2/install/simple_pcd_publisher:/home/ikun/OpenPCDet_ROS2/install/pcdet_ros2:/opt/ros/humble /home/ikun/.local/bin/cmake --build /home/ikun/OpenPCDet_ROS2/build/ros2_numpy -- -j20 -l20
[4.320s] Invoking command in '/home/ikun/OpenPCDet_ROS2/build/ros2_numpy': CMAKE_PREFIX_PATH=${CMAKE_PREFIX_PATH}:/home/ikun/OpenPCDet_ROS2/install/simple_pcd_publisher:/home/ikun/OpenPCDet_ROS2/install/pcdet_ros2:/opt/ros/humble /home/ikun/.local/bin/cmake --install /home/ikun/OpenPCDet_ROS2/build/ros2_numpy
[4.335s] -- Install configuration: ""
[4.335s] -- Execute custom install script
[4.336s] -- Symlinking: /home/ikun/OpenPCDet_ROS2/install/ros2_numpy/share/ros2_numpy/environment/pythonpath.sh
[4.338s] -- Symlinking: /home/ikun/OpenPCDet_ROS2/install/ros2_numpy/share/ros2_numpy/environment/pythonpath.dsv
[4.340s] -- Symlinking: /home/ikun/OpenPCDet_ROS2/install/ros2_numpy/local/lib/python3.10/dist-packages/ros2_numpy-2.0.12-py3.10.egg-info/PKG-INFO
[4.342s] -- Symlinking: /home/ikun/OpenPCDet_ROS2/install/ros2_numpy/local/lib/python3.10/dist-packages/ros2_numpy-2.0.12-py3.10.egg-info/SOURCES.txt
[4.344s] -- Symlinking: /home/ikun/OpenPCDet_ROS2/install/ros2_numpy/local/lib/python3.10/dist-packages/ros2_numpy-2.0.12-py3.10.egg-info/dependency_links.txt
[4.345s] -- Symlinking: /home/ikun/OpenPCDet_ROS2/install/ros2_numpy/local/lib/python3.10/dist-packages/ros2_numpy-2.0.12-py3.10.egg-info/top_level.txt
[4.347s] -- Symlinking: /home/ikun/OpenPCDet_ROS2/install/ros2_numpy/local/lib/python3.10/dist-packages/ros2_numpy/__init__.py
[4.349s] -- Symlinking: /home/ikun/OpenPCDet_ROS2/install/ros2_numpy/local/lib/python3.10/dist-packages/ros2_numpy/geometry.py
[4.350s] -- Symlinking: /home/ikun/OpenPCDet_ROS2/install/ros2_numpy/local/lib/python3.10/dist-packages/ros2_numpy/image.py
[4.352s] -- Symlinking: /home/ikun/OpenPCDet_ROS2/install/ros2_numpy/local/lib/python3.10/dist-packages/ros2_numpy/laser_scan.py
[4.354s] -- Symlinking: /home/ikun/OpenPCDet_ROS2/install/ros2_numpy/local/lib/python3.10/dist-packages/ros2_numpy/occupancy_grid.py
[4.356s] -- Symlinking: /home/ikun/OpenPCDet_ROS2/install/ros2_numpy/local/lib/python3.10/dist-packages/ros2_numpy/point_cloud2.py
[4.357s] -- Symlinking: /home/ikun/OpenPCDet_ROS2/install/ros2_numpy/local/lib/python3.10/dist-packages/ros2_numpy/registry.py
[4.360s] -- Symlinking: /home/ikun/OpenPCDet_ROS2/install/ros2_numpy/share/ament_index/resource_index/package_run_dependencies/ros2_numpy
[4.361s] -- Symlinking: /home/ikun/OpenPCDet_ROS2/install/ros2_numpy/share/ament_index/resource_index/parent_prefix_path/ros2_numpy
[4.363s] -- Symlinking: /home/ikun/OpenPCDet_ROS2/install/ros2_numpy/share/ros2_numpy/environment/ament_prefix_path.sh
[4.365s] -- Symlinking: /home/ikun/OpenPCDet_ROS2/install/ros2_numpy/share/ros2_numpy/environment/ament_prefix_path.dsv
[4.366s] -- Symlinking: /home/ikun/OpenPCDet_ROS2/install/ros2_numpy/share/ros2_numpy/environment/path.sh
[4.368s] -- Symlinking: /home/ikun/OpenPCDet_ROS2/install/ros2_numpy/share/ros2_numpy/environment/path.dsv
[4.370s] -- Symlinking: /home/ikun/OpenPCDet_ROS2/install/ros2_numpy/share/ros2_numpy/local_setup.bash
[4.371s] -- Symlinking: /home/ikun/OpenPCDet_ROS2/install/ros2_numpy/share/ros2_numpy/local_setup.sh
[4.373s] -- Symlinking: /home/ikun/OpenPCDet_ROS2/install/ros2_numpy/share/ros2_numpy/local_setup.zsh
[4.374s] -- Symlinking: /home/ikun/OpenPCDet_ROS2/install/ros2_numpy/share/ros2_numpy/local_setup.dsv
[4.376s] -- Symlinking: /home/ikun/OpenPCDet_ROS2/install/ros2_numpy/share/ros2_numpy/package.dsv
[4.378s] -- Symlinking: /home/ikun/OpenPCDet_ROS2/install/ros2_numpy/share/ament_index/resource_index/packages/ros2_numpy
[4.379s] -- Symlinking: /home/ikun/OpenPCDet_ROS2/install/ros2_numpy/share/ros2_numpy/cmake/ament_cmake_export_dependencies-extras.cmake
[4.381s] -- Symlinking: /home/ikun/OpenPCDet_ROS2/install/ros2_numpy/share/ros2_numpy/cmake/ros2_numpyConfig.cmake
[4.383s] -- Symlinking: /home/ikun/OpenPCDet_ROS2/install/ros2_numpy/share/ros2_numpy/cmake/ros2_numpyConfig-version.cmake
[4.384s] -- Symlinking: /home/ikun/OpenPCDet_ROS2/install/ros2_numpy/share/ros2_numpy/package.xml
[4.410s] Listing '/home/ikun/OpenPCDet_ROS2/install/ros2_numpy/local/lib/python3.10/dist-packages/ros2_numpy'...
[4.410s] Compiling '/home/ikun/OpenPCDet_ROS2/install/ros2_numpy/local/lib/python3.10/dist-packages/ros2_numpy/__init__.py'...
[4.410s] Compiling '/home/ikun/OpenPCDet_ROS2/install/ros2_numpy/local/lib/python3.10/dist-packages/ros2_numpy/geometry.py'...
[4.410s] Compiling '/home/ikun/OpenPCDet_ROS2/install/ros2_numpy/local/lib/python3.10/dist-packages/ros2_numpy/image.py'...
[4.410s] Compiling '/home/ikun/OpenPCDet_ROS2/install/ros2_numpy/local/lib/python3.10/dist-packages/ros2_numpy/laser_scan.py'...
[4.410s] Compiling '/home/ikun/OpenPCDet_ROS2/install/ros2_numpy/local/lib/python3.10/dist-packages/ros2_numpy/occupancy_grid.py'...
[4.410s] Compiling '/home/ikun/OpenPCDet_ROS2/install/ros2_numpy/local/lib/python3.10/dist-packages/ros2_numpy/point_cloud2.py'...
[4.410s] Compiling '/home/ikun/OpenPCDet_ROS2/install/ros2_numpy/local/lib/python3.10/dist-packages/ros2_numpy/registry.py'...
[4.416s] Invoked command in '/home/ikun/OpenPCDet_ROS2/build/ros2_numpy' returned '0': CMAKE_PREFIX_PATH=${CMAKE_PREFIX_PATH}:/home/ikun/OpenPCDet_ROS2/install/simple_pcd_publisher:/home/ikun/OpenPCDet_ROS2/install/pcdet_ros2:/opt/ros/humble /home/ikun/.local/bin/cmake --install /home/ikun/OpenPCDet_ROS2/build/ros2_numpy
