[0.447s] Invoking command in '/home/ikun/ros2_ws/src/build/simple_pcd_publisher': PYTHONPATH=/home/ikun/ros2_ws/src/build/simple_pcd_publisher/prefix_override:/usr/lib/python3/dist-packages/colcon_core/task/python/colcon_distutils_commands:/home/ikun/ros2_ws/src/install/simple_pcd_publisher/lib/python3.10/site-packages:${PYTHONPATH} /usr/bin/python3 -W ignore:setup.py install is deprecated -W ignore:easy_install command is deprecated setup.py develop --editable --build-directory /home/ikun/ros2_ws/src/build/simple_pcd_publisher/build --no-deps symlink_data
[0.621s] running develop
[0.733s] running egg_info
[0.733s] creating simple_pcd_publisher.egg-info
[0.733s] writing simple_pcd_publisher.egg-info/PKG-INFO
[0.733s] writing dependency_links to simple_pcd_publisher.egg-info/dependency_links.txt
[0.733s] writing entry points to simple_pcd_publisher.egg-info/entry_points.txt
[0.733s] writing requirements to simple_pcd_publisher.egg-info/requires.txt
[0.734s] writing top-level names to simple_pcd_publisher.egg-info/top_level.txt
[0.734s] writing manifest file 'simple_pcd_publisher.egg-info/SOURCES.txt'
[0.734s] reading manifest file 'simple_pcd_publisher.egg-info/SOURCES.txt'
[0.735s] writing manifest file 'simple_pcd_publisher.egg-info/SOURCES.txt'
[0.736s] running build_ext
[0.736s] Creating /home/ikun/ros2_ws/src/install/simple_pcd_publisher/lib/python3.10/site-packages/simple-pcd-publisher.egg-link (link to .)
[0.736s] Installing kitti_pointcloud_publisher script to /home/ikun/ros2_ws/src/install/simple_pcd_publisher/lib/simple_pcd_publisher
[0.736s] Installing show_detection script to /home/ikun/ros2_ws/src/install/simple_pcd_publisher/lib/simple_pcd_publisher
[0.736s] 
[0.736s] Installed /home/ikun/ros2_ws/src/build/simple_pcd_publisher
[0.736s] running symlink_data
[0.736s] creating /home/ikun/ros2_ws/src/install/simple_pcd_publisher/share/ament_index
[0.736s] creating /home/ikun/ros2_ws/src/install/simple_pcd_publisher/share/ament_index/resource_index
[0.737s] creating /home/ikun/ros2_ws/src/install/simple_pcd_publisher/share/ament_index/resource_index/packages
[0.737s] symbolically linking /home/ikun/ros2_ws/src/build/simple_pcd_publisher/resource/simple_pcd_publisher -> /home/ikun/ros2_ws/src/install/simple_pcd_publisher/share/ament_index/resource_index/packages
[0.737s] symbolically linking /home/ikun/ros2_ws/src/build/simple_pcd_publisher/package.xml -> /home/ikun/ros2_ws/src/install/simple_pcd_publisher/share/simple_pcd_publisher
[0.757s] Invoked command in '/home/ikun/ros2_ws/src/build/simple_pcd_publisher' returned '0': PYTHONPATH=/home/ikun/ros2_ws/src/build/simple_pcd_publisher/prefix_override:/usr/lib/python3/dist-packages/colcon_core/task/python/colcon_distutils_commands:/home/ikun/ros2_ws/src/install/simple_pcd_publisher/lib/python3.10/site-packages:${PYTHONPATH} /usr/bin/python3 -W ignore:setup.py install is deprecated -W ignore:easy_install command is deprecated setup.py develop --editable --build-directory /home/ikun/ros2_ws/src/build/simple_pcd_publisher/build --no-deps symlink_data
