/home/ikun/ros2_ws/install/pcdet_ros2/lib/python3.10/site-packages/pcdet_ros2/pcdet_node.py
/home/ikun/ros2_ws/install/pcdet_ros2/lib/python3.10/site-packages/pcdet_ros2/config.py
/home/ikun/ros2_ws/install/pcdet_ros2/lib/python3.10/site-packages/pcdet_ros2/__init__.py
/home/ikun/ros2_ws/install/pcdet_ros2/lib/python3.10/site-packages/pcdet_ros2/__pycache__/pcdet_node.cpython-310.pyc
/home/ikun/ros2_ws/install/pcdet_ros2/lib/python3.10/site-packages/pcdet_ros2/__pycache__/config.cpython-310.pyc
/home/ikun/ros2_ws/install/pcdet_ros2/lib/python3.10/site-packages/pcdet_ros2/__pycache__/__init__.cpython-310.pyc
/home/ikun/ros2_ws/install/pcdet_ros2/share/ament_index/resource_index/packages/pcdet_ros2
/home/ikun/ros2_ws/install/pcdet_ros2/share/pcdet_ros2/package.xml
/home/ikun/ros2_ws/install/pcdet_ros2/share/pcdet_ros2/launch/parta2_free.launch.xml
/home/ikun/ros2_ws/install/pcdet_ros2/share/pcdet_ros2/launch/pcdet.launch.py
/home/ikun/ros2_ws/install/pcdet_ros2/share/pcdet_ros2/launch/second_multihead_nds.launch.xml
/home/ikun/ros2_ws/install/pcdet_ros2/share/pcdet_ros2/launch/pp_multihead_nds.launch.xml
/home/ikun/ros2_ws/install/pcdet_ros2/share/pcdet_ros2/config/parta2_free.param.yaml
/home/ikun/ros2_ws/install/pcdet_ros2/share/pcdet_ros2/config/cbgs_second_multihead_nds.param.yaml
/home/ikun/ros2_ws/install/pcdet_ros2/share/pcdet_ros2/config/pp_multihead_nds.param.yaml
/home/ikun/ros2_ws/install/pcdet_ros2/share/pcdet_ros2/config/pcdet_pvrcnn.param.yaml
/home/ikun/ros2_ws/install/pcdet_ros2/share/pcdet_ros2/cfgs
/home/ikun/ros2_ws/install/pcdet_ros2/share/pcdet_ros2/cfgs/custom_models/second.yaml
/home/ikun/ros2_ws/install/pcdet_ros2/share/pcdet_ros2/cfgs/custom_models/pv_rcnn.yaml
/home/ikun/ros2_ws/install/pcdet_ros2/share/pcdet_ros2/cfgs/dataset_configs/nuscenes_dataset.yaml
/home/ikun/ros2_ws/install/pcdet_ros2/share/pcdet_ros2/cfgs/dataset_configs/waymo_dataset.yaml
/home/ikun/ros2_ws/install/pcdet_ros2/share/pcdet_ros2/cfgs/dataset_configs/custom_dataset.yaml
/home/ikun/ros2_ws/install/pcdet_ros2/share/pcdet_ros2/cfgs/dataset_configs/kitti_dataset.yaml
/home/ikun/ros2_ws/install/pcdet_ros2/share/pcdet_ros2/cfgs/dataset_configs/waymo_dataset_multiframe.yaml
/home/ikun/ros2_ws/install/pcdet_ros2/share/pcdet_ros2/cfgs/dataset_configs/once_dataset.yaml
/home/ikun/ros2_ws/install/pcdet_ros2/share/pcdet_ros2/cfgs/dataset_configs/lyft_dataset.yaml
/home/ikun/ros2_ws/install/pcdet_ros2/share/pcdet_ros2/cfgs/dataset_configs/pandaset_dataset.yaml
/home/ikun/ros2_ws/install/pcdet_ros2/share/pcdet_ros2/cfgs/kitti_models/pointrcnn_iou.yaml
/home/ikun/ros2_ws/install/pcdet_ros2/share/pcdet_ros2/cfgs/kitti_models/second.yaml
/home/ikun/ros2_ws/install/pcdet_ros2/share/pcdet_ros2/cfgs/kitti_models/PartA2.yaml
/home/ikun/ros2_ws/install/pcdet_ros2/share/pcdet_ros2/cfgs/kitti_models/second_multihead.yaml
/home/ikun/ros2_ws/install/pcdet_ros2/share/pcdet_ros2/cfgs/kitti_models/pointrcnn.yaml
/home/ikun/ros2_ws/install/pcdet_ros2/share/pcdet_ros2/cfgs/kitti_models/voxel_rcnn_car_focal_multimodal.yaml
/home/ikun/ros2_ws/install/pcdet_ros2/share/pcdet_ros2/cfgs/kitti_models/pointpillar_pyramid_aug.yaml
/home/ikun/ros2_ws/install/pcdet_ros2/share/pcdet_ros2/cfgs/kitti_models/second_iou.yaml
/home/ikun/ros2_ws/install/pcdet_ros2/share/pcdet_ros2/cfgs/kitti_models/CaDDN.yaml
/home/ikun/ros2_ws/install/pcdet_ros2/share/pcdet_ros2/cfgs/kitti_models/pv_rcnn.yaml
/home/ikun/ros2_ws/install/pcdet_ros2/share/pcdet_ros2/cfgs/kitti_models/voxel_rcnn_car.yaml
/home/ikun/ros2_ws/install/pcdet_ros2/share/pcdet_ros2/cfgs/kitti_models/PartA2_free.yaml
/home/ikun/ros2_ws/install/pcdet_ros2/share/pcdet_ros2/cfgs/kitti_models/pointpillar_newaugs.yaml
/home/ikun/ros2_ws/install/pcdet_ros2/share/pcdet_ros2/cfgs/kitti_models/pointpillar.yaml
/home/ikun/ros2_ws/install/pcdet_ros2/share/pcdet_ros2/cfgs/kitti_models/pillarnet.yaml
/home/ikun/ros2_ws/install/pcdet_ros2/share/pcdet_ros2/cfgs/lyft_models/cbgs_second-nores_multihead.yaml
/home/ikun/ros2_ws/install/pcdet_ros2/share/pcdet_ros2/cfgs/lyft_models/cbgs_second_multihead.yaml
/home/ikun/ros2_ws/install/pcdet_ros2/share/pcdet_ros2/cfgs/nuscenes_models/cbgs_voxel0075_res3d_centerpoint.yaml
/home/ikun/ros2_ws/install/pcdet_ros2/share/pcdet_ros2/cfgs/nuscenes_models/cbgs_second_multihead.yaml
/home/ikun/ros2_ws/install/pcdet_ros2/share/pcdet_ros2/cfgs/nuscenes_models/cbgs_pp_multihead.yaml
/home/ikun/ros2_ws/install/pcdet_ros2/share/pcdet_ros2/cfgs/nuscenes_models/cbgs_dyn_pp_centerpoint.yaml
/home/ikun/ros2_ws/install/pcdet_ros2/share/pcdet_ros2/cfgs/nuscenes_models/cbgs_pillar0075_res2d_centerpoint.yaml
/home/ikun/ros2_ws/install/pcdet_ros2/share/pcdet_ros2/cfgs/nuscenes_models/cbgs_voxel01_res3d_centerpoint.yaml
/home/ikun/ros2_ws/install/pcdet_ros2/share/pcdet_ros2/cfgs/once_models/second.yaml
/home/ikun/ros2_ws/install/pcdet_ros2/share/pcdet_ros2/cfgs/once_models/pointrcnn.yaml
/home/ikun/ros2_ws/install/pcdet_ros2/share/pcdet_ros2/cfgs/once_models/pv_rcnn.yaml
/home/ikun/ros2_ws/install/pcdet_ros2/share/pcdet_ros2/cfgs/once_models/centerpoint.yaml
/home/ikun/ros2_ws/install/pcdet_ros2/share/pcdet_ros2/cfgs/once_models/pointpillar.yaml
/home/ikun/ros2_ws/install/pcdet_ros2/share/pcdet_ros2/cfgs/waymo_models/pv_rcnn_with_centerhead_rpn.yaml
/home/ikun/ros2_ws/install/pcdet_ros2/share/pcdet_ros2/cfgs/waymo_models/second.yaml
/home/ikun/ros2_ws/install/pcdet_ros2/share/pcdet_ros2/cfgs/waymo_models/PartA2.yaml
/home/ikun/ros2_ws/install/pcdet_ros2/share/pcdet_ros2/cfgs/waymo_models/pv_rcnn_plusplus_resnet_2frames.yaml
/home/ikun/ros2_ws/install/pcdet_ros2/share/pcdet_ros2/cfgs/waymo_models/mppnet_e2e_memorybank_inference.yaml
/home/ikun/ros2_ws/install/pcdet_ros2/share/pcdet_ros2/cfgs/waymo_models/mppnet_4frames.yaml
/home/ikun/ros2_ws/install/pcdet_ros2/share/pcdet_ros2/cfgs/waymo_models/pv_rcnn.yaml
/home/ikun/ros2_ws/install/pcdet_ros2/share/pcdet_ros2/cfgs/waymo_models/centerpoint_without_resnet.yaml
/home/ikun/ros2_ws/install/pcdet_ros2/share/pcdet_ros2/cfgs/waymo_models/pv_rcnn_plusplus_resnet.yaml
/home/ikun/ros2_ws/install/pcdet_ros2/share/pcdet_ros2/cfgs/waymo_models/centerpoint_dyn_pillar_1x.yaml
/home/ikun/ros2_ws/install/pcdet_ros2/share/pcdet_ros2/cfgs/waymo_models/voxel_rcnn_with_centerhead_dyn_voxel.yaml
/home/ikun/ros2_ws/install/pcdet_ros2/share/pcdet_ros2/cfgs/waymo_models/pv_rcnn_plusplus.yaml
/home/ikun/ros2_ws/install/pcdet_ros2/share/pcdet_ros2/cfgs/waymo_models/pointpillar_1x.yaml
/home/ikun/ros2_ws/install/pcdet_ros2/share/pcdet_ros2/cfgs/waymo_models/mppnet_16frames.yaml
/home/ikun/ros2_ws/install/pcdet_ros2/share/pcdet_ros2/cfgs/waymo_models/centerpoint.yaml
/home/ikun/ros2_ws/install/pcdet_ros2/share/pcdet_ros2/cfgs/waymo_models/centerpoint_pillar_1x.yaml
/home/ikun/ros2_ws/install/pcdet_ros2/share/pcdet_ros2/cfgs/waymo_models/centerpoint_4frames.yaml
/home/ikun/ros2_ws/install/pcdet_ros2/share/pcdet_ros2/cfgs/waymo_models/pillarnet.yaml
/home/ikun/ros2_ws/install/pcdet_ros2/share/pcdet_ros2/checkpoints/pv_rcnn_8369.pth
/home/ikun/ros2_ws/install/pcdet_ros2/lib/python3.10/site-packages/pcdet_ros2-0.0.1-py3.10.egg-info/zip-safe
/home/ikun/ros2_ws/install/pcdet_ros2/lib/python3.10/site-packages/pcdet_ros2-0.0.1-py3.10.egg-info/SOURCES.txt
/home/ikun/ros2_ws/install/pcdet_ros2/lib/python3.10/site-packages/pcdet_ros2-0.0.1-py3.10.egg-info/entry_points.txt
/home/ikun/ros2_ws/install/pcdet_ros2/lib/python3.10/site-packages/pcdet_ros2-0.0.1-py3.10.egg-info/PKG-INFO
/home/ikun/ros2_ws/install/pcdet_ros2/lib/python3.10/site-packages/pcdet_ros2-0.0.1-py3.10.egg-info/requires.txt
/home/ikun/ros2_ws/install/pcdet_ros2/lib/python3.10/site-packages/pcdet_ros2-0.0.1-py3.10.egg-info/top_level.txt
/home/ikun/ros2_ws/install/pcdet_ros2/lib/python3.10/site-packages/pcdet_ros2-0.0.1-py3.10.egg-info/dependency_links.txt
/home/ikun/ros2_ws/install/pcdet_ros2/lib/pcdet_ros2/pcdet
/home/ikun/ros2_ws/install/pcdet_ros2/lib/pcdet_ros2/simple_pcd_pub
