[0.012s] Invoking command in '/home/ikun/ros2_ws/build/ros2_numpy': CMAKE_PREFIX_PATH=/opt/ros/humble /home/ikun/.local/bin/cmake /home/ikun/ros2_ws/src/ros2_numpy -DAMENT_CMAKE_SYMLINK_INSTALL=1 -DCMAKE_INSTALL_PREFIX=/home/ikun/ros2_ws/install/ros2_numpy
[0.127s] -- The C compiler identification is GNU 11.4.0
[0.204s] -- The CXX compiler identification is GNU 11.4.0
[0.220s] -- Detecting C compiler ABI info
[0.283s] -- Detecting C compiler ABI info - done
[0.291s] -- Check for working C compiler: /usr/bin/cc - skipped
[0.292s] -- Detecting C compile features
[0.292s] -- Detecting C compile features - done
[0.295s] -- Detecting CXX compiler ABI info
[0.359s] -- Detecting CXX compiler ABI info - done
[0.368s] -- Check for working CXX compiler: /usr/bin/c++ - skipped
[0.368s] -- Detecting CXX compile features
[0.368s] -- Detecting CXX compile features - done
[0.371s] -- Found ament_cmake: 1.3.11 (/opt/ros/humble/share/ament_cmake/cmake)
[0.467s] -- Found Python3: /usr/bin/python3 (found version "3.10.12") found components: Interpreter 
[0.519s] -- Override CMake install command with custom implementation using symlinks instead of copying resources
[0.547s] -- Found sensor_msgs: 4.8.0 (/opt/ros/humble/share/sensor_msgs/cmake)
[0.585s] -- Found rosidl_generator_c: 3.1.6 (/opt/ros/humble/share/rosidl_generator_c/cmake)
[0.589s] -- Found rosidl_adapter: 3.1.6 (/opt/ros/humble/share/rosidl_adapter/cmake)
[0.596s] -- Found rosidl_generator_cpp: 3.1.6 (/opt/ros/humble/share/rosidl_generator_cpp/cmake)
[0.608s] -- Using all available rosidl_typesupport_c: rosidl_typesupport_fastrtps_c;rosidl_typesupport_introspection_c
[0.622s] -- Using all available rosidl_typesupport_cpp: rosidl_typesupport_fastrtps_cpp;rosidl_typesupport_introspection_cpp
[0.676s] -- Found nav_msgs: 4.8.0 (/opt/ros/humble/share/nav_msgs/cmake)
[0.765s] -- Found rclpy: 3.3.16 (/opt/ros/humble/share/rclpy/cmake)
[0.766s] -- Found ament_cmake_pytest: 1.3.11 (/opt/ros/humble/share/ament_cmake_pytest/cmake)
[4.977s] -- Configuring done
[4.979s] -- Generating done
[4.981s] -- Build files have been written to: /home/ikun/ros2_ws/build/ros2_numpy
[4.988s] Invoked command in '/home/ikun/ros2_ws/build/ros2_numpy' returned '0': CMAKE_PREFIX_PATH=/opt/ros/humble /home/ikun/.local/bin/cmake /home/ikun/ros2_ws/src/ros2_numpy -DAMENT_CMAKE_SYMLINK_INSTALL=1 -DCMAKE_INSTALL_PREFIX=/home/ikun/ros2_ws/install/ros2_numpy
[4.990s] Invoking command in '/home/ikun/ros2_ws/build/ros2_numpy': CMAKE_PREFIX_PATH=/opt/ros/humble /home/ikun/.local/bin/cmake --build /home/ikun/ros2_ws/build/ros2_numpy -- -j20 -l20
[5.034s] Built target ament_cmake_python_symlink_ros2_numpy
[5.196s] running egg_info
[5.197s] creating ros2_numpy.egg-info
[5.197s] writing ros2_numpy.egg-info/PKG-INFO
[5.197s] writing dependency_links to ros2_numpy.egg-info/dependency_links.txt
[5.197s] writing top-level names to ros2_numpy.egg-info/top_level.txt
[5.197s] writing manifest file 'ros2_numpy.egg-info/SOURCES.txt'
[5.199s] reading manifest file 'ros2_numpy.egg-info/SOURCES.txt'
[5.199s] writing manifest file 'ros2_numpy.egg-info/SOURCES.txt'
[5.218s] Built target ament_cmake_python_build_ros2_numpy_egg
[5.227s] Invoked command in '/home/ikun/ros2_ws/build/ros2_numpy' returned '0': CMAKE_PREFIX_PATH=/opt/ros/humble /home/ikun/.local/bin/cmake --build /home/ikun/ros2_ws/build/ros2_numpy -- -j20 -l20
[5.259s] Invoking command in '/home/ikun/ros2_ws/build/ros2_numpy': CMAKE_PREFIX_PATH=/opt/ros/humble /home/ikun/.local/bin/cmake --install /home/ikun/ros2_ws/build/ros2_numpy
[5.283s] -- Install configuration: ""
[5.283s] -- Execute custom install script
[5.284s] -- Symlinking: /home/ikun/ros2_ws/install/ros2_numpy/share/ros2_numpy/environment/pythonpath.sh
[5.288s] -- Symlinking: /home/ikun/ros2_ws/install/ros2_numpy/share/ros2_numpy/environment/pythonpath.dsv
[5.292s] -- Symlinking: /home/ikun/ros2_ws/install/ros2_numpy/local/lib/python3.10/dist-packages/ros2_numpy-2.0.12-py3.10.egg-info/PKG-INFO
[5.297s] -- Symlinking: /home/ikun/ros2_ws/install/ros2_numpy/local/lib/python3.10/dist-packages/ros2_numpy-2.0.12-py3.10.egg-info/SOURCES.txt
[5.299s] -- Symlinking: /home/ikun/ros2_ws/install/ros2_numpy/local/lib/python3.10/dist-packages/ros2_numpy-2.0.12-py3.10.egg-info/dependency_links.txt
[5.302s] -- Symlinking: /home/ikun/ros2_ws/install/ros2_numpy/local/lib/python3.10/dist-packages/ros2_numpy-2.0.12-py3.10.egg-info/top_level.txt
[5.304s] -- Symlinking: /home/ikun/ros2_ws/install/ros2_numpy/local/lib/python3.10/dist-packages/ros2_numpy/__init__.py
[5.309s] -- Symlinking: /home/ikun/ros2_ws/install/ros2_numpy/local/lib/python3.10/dist-packages/ros2_numpy/geometry.py
[5.311s] -- Symlinking: /home/ikun/ros2_ws/install/ros2_numpy/local/lib/python3.10/dist-packages/ros2_numpy/image.py
[5.314s] -- Symlinking: /home/ikun/ros2_ws/install/ros2_numpy/local/lib/python3.10/dist-packages/ros2_numpy/laser_scan.py
[5.318s] -- Symlinking: /home/ikun/ros2_ws/install/ros2_numpy/local/lib/python3.10/dist-packages/ros2_numpy/occupancy_grid.py
[5.322s] -- Symlinking: /home/ikun/ros2_ws/install/ros2_numpy/local/lib/python3.10/dist-packages/ros2_numpy/point_cloud2.py
[5.330s] -- Symlinking: /home/ikun/ros2_ws/install/ros2_numpy/local/lib/python3.10/dist-packages/ros2_numpy/registry.py
[5.337s] -- Symlinking: /home/ikun/ros2_ws/install/ros2_numpy/share/ament_index/resource_index/package_run_dependencies/ros2_numpy
[5.345s] -- Symlinking: /home/ikun/ros2_ws/install/ros2_numpy/share/ament_index/resource_index/parent_prefix_path/ros2_numpy
[5.349s] -- Symlinking: /home/ikun/ros2_ws/install/ros2_numpy/share/ros2_numpy/environment/ament_prefix_path.sh
[5.353s] -- Symlinking: /home/ikun/ros2_ws/install/ros2_numpy/share/ros2_numpy/environment/ament_prefix_path.dsv
[5.357s] -- Symlinking: /home/ikun/ros2_ws/install/ros2_numpy/share/ros2_numpy/environment/path.sh
[5.360s] -- Symlinking: /home/ikun/ros2_ws/install/ros2_numpy/share/ros2_numpy/environment/path.dsv
[5.364s] -- Symlinking: /home/ikun/ros2_ws/install/ros2_numpy/share/ros2_numpy/local_setup.bash
[5.372s] -- Symlinking: /home/ikun/ros2_ws/install/ros2_numpy/share/ros2_numpy/local_setup.sh
[5.382s] -- Symlinking: /home/ikun/ros2_ws/install/ros2_numpy/share/ros2_numpy/local_setup.zsh
[5.392s] -- Symlinking: /home/ikun/ros2_ws/install/ros2_numpy/share/ros2_numpy/local_setup.dsv
[5.401s] -- Symlinking: /home/ikun/ros2_ws/install/ros2_numpy/share/ros2_numpy/package.dsv
[5.404s] -- Symlinking: /home/ikun/ros2_ws/install/ros2_numpy/share/ament_index/resource_index/packages/ros2_numpy
[5.408s] -- Symlinking: /home/ikun/ros2_ws/install/ros2_numpy/share/ros2_numpy/cmake/ament_cmake_export_dependencies-extras.cmake
[5.416s] -- Symlinking: /home/ikun/ros2_ws/install/ros2_numpy/share/ros2_numpy/cmake/ros2_numpyConfig.cmake
[5.421s] -- Symlinking: /home/ikun/ros2_ws/install/ros2_numpy/share/ros2_numpy/cmake/ros2_numpyConfig-version.cmake
[5.428s] -- Symlinking: /home/ikun/ros2_ws/install/ros2_numpy/share/ros2_numpy/package.xml
[5.467s] Listing '/home/ikun/ros2_ws/install/ros2_numpy/local/lib/python3.10/dist-packages/ros2_numpy'...
[5.467s] Compiling '/home/ikun/ros2_ws/install/ros2_numpy/local/lib/python3.10/dist-packages/ros2_numpy/__init__.py'...
[5.467s] Compiling '/home/ikun/ros2_ws/install/ros2_numpy/local/lib/python3.10/dist-packages/ros2_numpy/geometry.py'...
[5.467s] Compiling '/home/ikun/ros2_ws/install/ros2_numpy/local/lib/python3.10/dist-packages/ros2_numpy/image.py'...
[5.467s] Compiling '/home/ikun/ros2_ws/install/ros2_numpy/local/lib/python3.10/dist-packages/ros2_numpy/laser_scan.py'...
[5.467s] Compiling '/home/ikun/ros2_ws/install/ros2_numpy/local/lib/python3.10/dist-packages/ros2_numpy/occupancy_grid.py'...
[5.467s] Compiling '/home/ikun/ros2_ws/install/ros2_numpy/local/lib/python3.10/dist-packages/ros2_numpy/point_cloud2.py'...
[5.467s] Compiling '/home/ikun/ros2_ws/install/ros2_numpy/local/lib/python3.10/dist-packages/ros2_numpy/registry.py'...
[5.475s] Invoked command in '/home/ikun/ros2_ws/build/ros2_numpy' returned '0': CMAKE_PREFIX_PATH=/opt/ros/humble /home/ikun/.local/bin/cmake --install /home/ikun/ros2_ws/build/ros2_numpy
